{"/home/travis/build/npmtest/node-npmtest-i18n-2/test.js":{"path":"/home/travis/build/npmtest/node-npmtest-i18n-2/test.js","s":{"1":2,"2":2,"3":2,"4":2,"5":2,"6":2,"7":2,"8":1,"9":2,"10":2,"11":1,"12":1,"13":1,"14":1,"15":2,"16":2,"17":2,"18":2,"19":1,"20":1,"21":2,"22":2,"23":2,"24":1,"25":1,"26":1,"27":1,"28":1,"29":1,"30":1,"31":1,"32":1,"33":1,"34":1,"35":1,"36":1,"37":1,"38":1,"39":2,"40":2,"41":1,"42":2,"43":2,"44":1,"45":2,"46":2,"47":1,"48":2,"49":2,"50":1,"51":1,"52":1,"53":1,"54":1},"b":{"1":[2,1,1,1],"2":[1,1,1,1],"3":[1,1],"4":[1,1],"5":[1,1],"6":[1,1],"7":[1,1],"8":[1,1],"9":[1,1],"10":[1,1,1],"11":[1,1],"12":[1,1],"13":[1,1],"14":[1,1],"15":[1,1],"16":[1,1],"17":[1,1]},"f":{"1":2,"2":2,"3":2,"4":2,"5":2,"6":1,"7":1,"8":1,"9":2,"10":2,"11":2,"12":2,"13":1},"fnMap":{"1":{"name":"(anonymous_1)","line":12,"loc":{"start":{"line":12,"column":1},"end":{"line":12,"column":13}}},"2":{"name":"(anonymous_2)","line":19,"loc":{"start":{"line":19,"column":5},"end":{"line":19,"column":17}}},"3":{"name":"(anonymous_3)","line":23,"loc":{"start":{"line":23,"column":24},"end":{"line":23,"column":36}}},"4":{"name":"(anonymous_4)","line":61,"loc":{"start":{"line":61,"column":5},"end":{"line":61,"column":17}}},"5":{"name":"(anonymous_5)","line":82,"loc":{"start":{"line":82,"column":5},"end":{"line":82,"column":17}}},"6":{"name":"(anonymous_6)","line":91,"loc":{"start":{"line":91,"column":77},"end":{"line":94,"column":10}}},"7":{"name":"(anonymous_7)","line":112,"loc":{"start":{"line":112,"column":83},"end":{"line":115,"column":10}},"skip":true},"8":{"name":"(anonymous_8)","line":123,"loc":{"start":{"line":123,"column":77},"end":{"line":126,"column":10}},"skip":true},"9":{"name":"(anonymous_9)","line":139,"loc":{"start":{"line":139,"column":12},"end":{"line":139,"column":40}},"skip":true},"10":{"name":"(anonymous_10)","line":147,"loc":{"start":{"line":147,"column":77},"end":{"line":150,"column":10}},"skip":true},"11":{"name":"(anonymous_11)","line":158,"loc":{"start":{"line":158,"column":83},"end":{"line":161,"column":10}},"skip":true},"12":{"name":"(anonymous_12)","line":169,"loc":{"start":{"line":169,"column":79},"end":{"line":172,"column":10}},"skip":true},"13":{"name":"(anonymous_13)","line":180,"loc":{"start":{"line":180,"column":75},"end":{"line":183,"column":10}},"skip":true}},"statementMap":{"1":{"start":{"line":12,"column":0},"end":{"line":195,"column":5}},"2":{"start":{"line":14,"column":4},"end":{"line":14,"column":14}},"3":{"start":{"line":19,"column":4},"end":{"line":56,"column":9}},"4":{"start":{"line":21,"column":8},"end":{"line":21,"column":19}},"5":{"start":{"line":23,"column":8},"end":{"line":35,"column":13}},"6":{"start":{"line":24,"column":12},"end":{"line":34,"column":13}},"7":{"start":{"line":25,"column":16},"end":{"line":28,"column":30}},"8":{"start":{"line":30,"column":16},"end":{"line":33,"column":27}},"9":{"start":{"line":37,"column":8},"end":{"line":39,"column":21}},"10":{"start":{"line":40,"column":8},"end":{"line":53,"column":9}},"11":{"start":{"line":43,"column":12},"end":{"line":46,"column":14}},"12":{"start":{"line":47,"column":12},"end":{"line":47,"column":18}},"13":{"start":{"line":50,"column":12},"end":{"line":51,"column":33}},"14":{"start":{"line":52,"column":12},"end":{"line":52,"column":18}},"15":{"start":{"line":55,"column":8},"end":{"line":55,"column":35}},"16":{"start":{"line":61,"column":4},"end":{"line":63,"column":9}},"17":{"start":{"line":62,"column":8},"end":{"line":62,"column":15}},"18":{"start":{"line":64,"column":4},"end":{"line":77,"column":5}},"19":{"start":{"line":70,"column":8},"end":{"line":70,"column":14}},"20":{"start":{"line":76,"column":8},"end":{"line":76,"column":14}},"21":{"start":{"line":82,"column":4},"end":{"line":84,"column":9}},"22":{"start":{"line":83,"column":8},"end":{"line":83,"column":15}},"23":{"start":{"line":85,"column":4},"end":{"line":194,"column":5}},"24":{"start":{"line":91,"column":8},"end":{"line":99,"column":10}},"25":{"start":{"line":98,"column":12},"end":{"line":98,"column":35}},"26":{"start":{"line":102,"column":8},"end":{"line":104,"column":63}},"27":{"start":{"line":105,"column":8},"end":{"line":105,"column":14}},"28":{"start":{"line":112,"column":8},"end":{"line":121,"column":10},"skip":true},"29":{"start":{"line":119,"column":12},"end":{"line":119,"column":55},"skip":true},"30":{"start":{"line":120,"column":12},"end":{"line":120,"column":48},"skip":true},"31":{"start":{"line":123,"column":8},"end":{"line":136,"column":10},"skip":true},"32":{"start":{"line":130,"column":12},"end":{"line":130,"column":76},"skip":true},"33":{"start":{"line":131,"column":12},"end":{"line":131,"column":73},"skip":true},"34":{"start":{"line":132,"column":12},"end":{"line":132,"column":74},"skip":true},"35":{"start":{"line":133,"column":12},"end":{"line":133,"column":79},"skip":true},"36":{"start":{"line":134,"column":12},"end":{"line":134,"column":25},"skip":true},"37":{"start":{"line":135,"column":12},"end":{"line":135,"column":45},"skip":true},"38":{"start":{"line":138,"column":8},"end":{"line":145,"column":14},"skip":true},"39":{"start":{"line":143,"column":16},"end":{"line":143,"column":29},"skip":true},"40":{"start":{"line":144,"column":16},"end":{"line":144,"column":55},"skip":true},"41":{"start":{"line":147,"column":8},"end":{"line":156,"column":10},"skip":true},"42":{"start":{"line":154,"column":12},"end":{"line":154,"column":25},"skip":true},"43":{"start":{"line":155,"column":12},"end":{"line":155,"column":45},"skip":true},"44":{"start":{"line":158,"column":8},"end":{"line":167,"column":10},"skip":true},"45":{"start":{"line":165,"column":12},"end":{"line":165,"column":25},"skip":true},"46":{"start":{"line":166,"column":12},"end":{"line":166,"column":48},"skip":true},"47":{"start":{"line":169,"column":8},"end":{"line":178,"column":10},"skip":true},"48":{"start":{"line":176,"column":12},"end":{"line":176,"column":25},"skip":true},"49":{"start":{"line":177,"column":12},"end":{"line":177,"column":46},"skip":true},"50":{"start":{"line":180,"column":8},"end":{"line":189,"column":10},"skip":true},"51":{"start":{"line":187,"column":12},"end":{"line":187,"column":94},"skip":true},"52":{"start":{"line":188,"column":12},"end":{"line":188,"column":48},"skip":true},"53":{"start":{"line":192,"column":8},"end":{"line":192,"column":35},"skip":true},"54":{"start":{"line":193,"column":8},"end":{"line":193,"column":14},"skip":true}},"branchMap":{"1":{"line":25,"type":"binary-expr","locations":[{"start":{"line":25,"column":23},"end":{"line":25,"column":62}},{"start":{"line":26,"column":20},"end":{"line":26,"column":70}},{"start":{"line":27,"column":20},"end":{"line":27,"column":71}},{"start":{"line":28,"column":20},"end":{"line":28,"column":29}}]},"2":{"line":30,"type":"binary-expr","locations":[{"start":{"line":30,"column":23},"end":{"line":30,"column":37}},{"start":{"line":31,"column":20},"end":{"line":31,"column":61}},{"start":{"line":32,"column":20},"end":{"line":32,"column":70}},{"start":{"line":33,"column":20},"end":{"line":33,"column":26}}]},"3":{"line":37,"type":"cond-expr","locations":[{"start":{"line":38,"column":14},"end":{"line":38,"column":20}},{"start":{"line":39,"column":14},"end":{"line":39,"column":20}}]},"4":{"line":40,"type":"switch","locations":[{"start":{"line":42,"column":8},"end":{"line":47,"column":18}},{"start":{"line":49,"column":8},"end":{"line":52,"column":18}}]},"5":{"line":44,"type":"binary-expr","locations":[{"start":{"line":44,"column":16},"end":{"line":44,"column":44}},{"start":{"line":44,"column":48},"end":{"line":44,"column":66}}]},"6":{"line":50,"type":"binary-expr","locations":[{"start":{"line":50,"column":21},"end":{"line":50,"column":49}},{"start":{"line":50,"column":53},"end":{"line":50,"column":72}}]},"7":{"line":64,"type":"switch","locations":[{"start":{"line":69,"column":4},"end":{"line":70,"column":14}},{"start":{"line":75,"column":4},"end":{"line":76,"column":14}}]},"8":{"line":85,"type":"switch","locations":[{"start":{"line":90,"column":4},"end":{"line":105,"column":14}},{"start":{"line":111,"column":4},"end":{"line":193,"column":14},"skip":true}]},"9":{"line":91,"type":"binary-expr","locations":[{"start":{"line":91,"column":42},"end":{"line":91,"column":73}},{"start":{"line":91,"column":77},"end":{"line":99,"column":9}}]},"10":{"line":102,"type":"binary-expr","locations":[{"start":{"line":102,"column":18},"end":{"line":102,"column":32}},{"start":{"line":103,"column":12},"end":{"line":103,"column":53}},{"start":{"line":104,"column":12},"end":{"line":104,"column":61}}]},"11":{"line":112,"type":"binary-expr","locations":[{"start":{"line":112,"column":45},"end":{"line":112,"column":79},"skip":true},{"start":{"line":112,"column":83},"end":{"line":121,"column":9},"skip":true}]},"12":{"line":123,"type":"binary-expr","locations":[{"start":{"line":123,"column":42},"end":{"line":123,"column":73},"skip":true},{"start":{"line":123,"column":77},"end":{"line":136,"column":9},"skip":true}]},"13":{"line":138,"type":"binary-expr","locations":[{"start":{"line":138,"column":48},"end":{"line":138,"column":85},"skip":true},{"start":{"line":139,"column":12},"end":{"line":145,"column":13},"skip":true}]},"14":{"line":147,"type":"binary-expr","locations":[{"start":{"line":147,"column":42},"end":{"line":147,"column":73},"skip":true},{"start":{"line":147,"column":77},"end":{"line":156,"column":9},"skip":true}]},"15":{"line":158,"type":"binary-expr","locations":[{"start":{"line":158,"column":45},"end":{"line":158,"column":79},"skip":true},{"start":{"line":158,"column":83},"end":{"line":167,"column":9},"skip":true}]},"16":{"line":169,"type":"binary-expr","locations":[{"start":{"line":169,"column":43},"end":{"line":169,"column":75},"skip":true},{"start":{"line":169,"column":79},"end":{"line":178,"column":9},"skip":true}]},"17":{"line":180,"type":"binary-expr","locations":[{"start":{"line":180,"column":41},"end":{"line":180,"column":71},"skip":true},{"start":{"line":180,"column":75},"end":{"line":189,"column":9},"skip":true}]}},"code":["/* istanbul instrument in package npmtest_i18n_2 */","/*jslint","    bitwise: true,","    browser: true,","    maxerr: 8,","    maxlen: 96,","    node: true,","    nomen: true,","    regexp: true,","    stupid: true","*/","(function () {","    'use strict';","    var local;","","","","    // run shared js-env code - init-before","    (function () {","        // init local","        local = {};","        // init modeJs","        local.modeJs = (function () {","            try {","                return typeof navigator.userAgent === 'string' &&","                    typeof document.querySelector('body') === 'object' &&","                    typeof XMLHttpRequest.prototype.open === 'function' &&","                    'browser';","            } catch (errorCaughtBrowser) {","                return module.exports &&","                    typeof process.versions.node === 'string' &&","                    typeof require('http').createServer === 'function' &&","                    'node';","            }","        }());","        // init global","        local.global = local.modeJs === 'browser'","            ? window","            : global;","        switch (local.modeJs) {","        // re-init local from window.local","        case 'browser':","            local = local.global.utility2.objectSetDefault(","                local.global.utility2_rollup || local.global.local,","                local.global.utility2","            );","            break;","        // re-init local from example.js","        case 'node':","            local = (local.global.utility2_rollup || require('utility2'))","                .requireReadme();","            break;","        }","        // export local","        local.global.local = local;","    }());","","","","    // run shared js-env code - function","    (function () {","        return;","    }());","    switch (local.modeJs) {","","","","    // run browser js-env code - function","    case 'browser':","        break;","","","","    // run node js-env code - function","    case 'node':","        break;","    }","","","","    // run shared js-env code - init-after","    (function () {","        return;","    }());","    switch (local.modeJs) {","","","","    // run browser js-env code - init-after","    case 'browser':","        local.testCase_browser_nullCase = local.testCase_browser_nullCase || function (","            options,","            onError","        ) {","        /*","         * this function will test browsers's null-case handling-behavior-behavior","         */","            onError(null, options);","        };","","        // run tests","        local.nop(local.modeTest &&","            document.querySelector('#testRunButton1') &&","            document.querySelector('#testRunButton1').click());","        break;","","","","    // run node js-env code - init-after","    /* istanbul ignore next */","    case 'node':","        local.testCase_buildApidoc_default = local.testCase_buildApidoc_default || function (","            options,","            onError","        ) {","        /*","         * this function will test buildApidoc's default handling-behavior-behavior","         */","            options = { modulePathList: module.paths };","            local.buildApidoc(options, onError);","        };","","        local.testCase_buildApp_default = local.testCase_buildApp_default || function (","            options,","            onError","        ) {","        /*","         * this function will test buildApp's default handling-behavior-behavior","         */","            local.testCase_buildReadme_default(options, local.onErrorThrow);","            local.testCase_buildLib_default(options, local.onErrorThrow);","            local.testCase_buildTest_default(options, local.onErrorThrow);","            local.testCase_buildCustomOrg_default(options, local.onErrorThrow);","            options = [];","            local.buildApp(options, onError);","        };","","        local.testCase_buildCustomOrg_default = local.testCase_buildCustomOrg_default ||","            function (options, onError) {","            /*","             * this function will test buildCustomOrg's default handling-behavior","             */","                options = {};","                local.buildCustomOrg(options, onError);","            };","","        local.testCase_buildLib_default = local.testCase_buildLib_default || function (","            options,","            onError","        ) {","        /*","         * this function will test buildLib's default handling-behavior","         */","            options = {};","            local.buildLib(options, onError);","        };","","        local.testCase_buildReadme_default = local.testCase_buildReadme_default || function (","            options,","            onError","        ) {","        /*","         * this function will test buildReadme's default handling-behavior-behavior","         */","            options = {};","            local.buildReadme(options, onError);","        };","","        local.testCase_buildTest_default = local.testCase_buildTest_default || function (","            options,","            onError","        ) {","        /*","         * this function will test buildTest's default handling-behavior","         */","            options = {};","            local.buildTest(options, onError);","        };","","        local.testCase_webpage_default = local.testCase_webpage_default || function (","            options,","            onError","        ) {","        /*","         * this function will test webpage's default handling-behavior","         */","            options = { modeCoverageMerge: true, url: local.serverLocalHost + '?modeTest=1' };","            local.browserTest(options, onError);","        };","","        // run test-server","        local.testRunServer(local);","        break;","    }","}());",""],"l":{"12":2,"14":2,"19":2,"21":2,"23":2,"24":2,"25":2,"30":1,"37":2,"40":2,"43":1,"47":1,"50":1,"52":1,"55":2,"61":2,"62":2,"64":2,"70":1,"76":1,"82":2,"83":2,"85":2,"91":1,"98":1,"102":1,"105":1,"112":1,"119":1,"120":1,"123":1,"130":1,"131":1,"132":1,"133":1,"134":1,"135":1,"138":1,"143":2,"144":2,"147":1,"154":2,"155":2,"158":1,"165":2,"166":2,"169":1,"176":2,"177":2,"180":1,"187":1,"188":1,"192":1,"193":1}},"/home/travis/build/npmtest/node-npmtest-i18n-2/lib.npmtest_i18n_2.js":{"path":"/home/travis/build/npmtest/node-npmtest-i18n-2/lib.npmtest_i18n_2.js","s":{"1":2,"2":2,"3":2,"4":2,"5":2,"6":2,"7":2,"8":1,"9":2,"10":2,"11":2,"12":2,"13":1,"14":1,"15":1,"16":1},"b":{"1":[2,1,1,1],"2":[1,1,1,1],"3":[1,1],"4":[2,2],"5":[1,1]},"f":{"1":2,"2":2,"3":2},"fnMap":{"1":{"name":"(anonymous_1)","line":12,"loc":{"start":{"line":12,"column":1},"end":{"line":12,"column":13}}},"2":{"name":"(anonymous_2)","line":19,"loc":{"start":{"line":19,"column":5},"end":{"line":19,"column":17}}},"3":{"name":"(anonymous_3)","line":23,"loc":{"start":{"line":23,"column":24},"end":{"line":23,"column":36}}}},"statementMap":{"1":{"start":{"line":12,"column":0},"end":{"line":53,"column":5}},"2":{"start":{"line":14,"column":4},"end":{"line":14,"column":14}},"3":{"start":{"line":19,"column":4},"end":{"line":52,"column":9}},"4":{"start":{"line":21,"column":8},"end":{"line":21,"column":19}},"5":{"start":{"line":23,"column":8},"end":{"line":35,"column":13}},"6":{"start":{"line":24,"column":12},"end":{"line":34,"column":13}},"7":{"start":{"line":25,"column":16},"end":{"line":28,"column":30}},"8":{"start":{"line":30,"column":16},"end":{"line":33,"column":27}},"9":{"start":{"line":37,"column":8},"end":{"line":39,"column":21}},"10":{"start":{"line":41,"column":8},"end":{"line":41,"column":54}},"11":{"start":{"line":43,"column":8},"end":{"line":43,"column":51}},"12":{"start":{"line":45,"column":8},"end":{"line":51,"column":9}},"13":{"start":{"line":46,"column":12},"end":{"line":46,"column":57}},"14":{"start":{"line":48,"column":12},"end":{"line":48,"column":35}},"15":{"start":{"line":49,"column":12},"end":{"line":49,"column":49}},"16":{"start":{"line":50,"column":12},"end":{"line":50,"column":43}}},"branchMap":{"1":{"line":25,"type":"binary-expr","locations":[{"start":{"line":25,"column":23},"end":{"line":25,"column":62}},{"start":{"line":26,"column":20},"end":{"line":26,"column":70}},{"start":{"line":27,"column":20},"end":{"line":27,"column":71}},{"start":{"line":28,"column":20},"end":{"line":28,"column":29}}]},"2":{"line":30,"type":"binary-expr","locations":[{"start":{"line":30,"column":23},"end":{"line":30,"column":37}},{"start":{"line":31,"column":20},"end":{"line":31,"column":61}},{"start":{"line":32,"column":20},"end":{"line":32,"column":70}},{"start":{"line":33,"column":20},"end":{"line":33,"column":26}}]},"3":{"line":37,"type":"cond-expr","locations":[{"start":{"line":38,"column":14},"end":{"line":38,"column":20}},{"start":{"line":39,"column":14},"end":{"line":39,"column":20}}]},"4":{"line":41,"type":"binary-expr","locations":[{"start":{"line":41,"column":16},"end":{"line":41,"column":44}},{"start":{"line":41,"column":48},"end":{"line":41,"column":53}}]},"5":{"line":45,"type":"if","locations":[{"start":{"line":45,"column":8},"end":{"line":45,"column":8}},{"start":{"line":45,"column":8},"end":{"line":45,"column":8}}]}},"code":["/* istanbul instrument in package npmtest_i18n_2 */","/*jslint","    bitwise: true,","    browser: true,","    maxerr: 8,","    maxlen: 96,","    node: true,","    nomen: true,","    regexp: true,","    stupid: true","*/","(function () {","    'use strict';","    var local;","","","","    // run shared js-env code - init-before","    (function () {","        // init local","        local = {};","        // init modeJs","        local.modeJs = (function () {","            try {","                return typeof navigator.userAgent === 'string' &&","                    typeof document.querySelector('body') === 'object' &&","                    typeof XMLHttpRequest.prototype.open === 'function' &&","                    'browser';","            } catch (errorCaughtBrowser) {","                return module.exports &&","                    typeof process.versions.node === 'string' &&","                    typeof require('http').createServer === 'function' &&","                    'node';","            }","        }());","        // init global","        local.global = local.modeJs === 'browser'","            ? window","            : global;","        // init utility2_rollup","        local = local.global.utility2_rollup || local;","        // init lib","        local.local = local.npmtest_i18n_2 = local;","        // init exports","        if (local.modeJs === 'browser') {","            local.global.utility2_npmtest_i18n_2 = local;","        } else {","            module.exports = local;","            module.exports.__dirname = __dirname;","            module.exports.module = module;","        }","    }());","}());",""],"l":{"12":2,"14":2,"19":2,"21":2,"23":2,"24":2,"25":2,"30":1,"37":2,"41":2,"43":2,"45":2,"46":1,"48":1,"49":1,"50":1}},"/home/travis/build/npmtest/node-npmtest-i18n-2/example.js":{"path":"/home/travis/build/npmtest/node-npmtest-i18n-2/example.js","s":{"1":2,"2":2,"3":2,"4":2,"5":2,"6":2,"7":2,"8":1,"9":2,"10":2,"11":2,"12":2,"13":1,"14":2,"15":2,"16":2,"17":2,"18":2,"19":0,"20":2,"21":1,"22":1,"23":1,"24":1,"25":1,"26":0,"27":0,"28":1,"29":1,"30":2,"31":0,"32":0,"33":0,"34":1,"35":2,"36":2,"37":3,"38":3,"39":3,"40":3,"41":0,"42":3,"43":3,"44":3,"45":1,"46":3,"47":1,"48":1,"49":1,"50":1,"51":1,"52":1,"53":1,"54":1,"55":1,"56":1,"57":0,"58":1,"59":6,"60":6,"61":1,"62":2,"63":0,"64":2,"65":1,"66":1,"67":0,"68":0,"69":0,"70":0,"71":0,"72":0,"73":0,"74":0,"75":0,"76":0,"77":0,"78":0,"79":0,"80":0,"81":0,"82":0,"83":0},"b":{"1":[2,1,1,1],"2":[1,1,1,1],"3":[1,1],"4":[2,2],"5":[1,1],"6":[1,1],"7":[2,0],"8":[2,1,1,1,1,1],"9":[0,2,0],"10":[1,1],"11":[2,1,1],"12":[1,0],"13":[0,2],"14":[2,0,0,0,0,0,0],"15":[0,3],"16":[3,0],"17":[1,1],"18":[0,1],"19":[1,2,0,2],"20":[1,0],"21":[1,1],"22":[0,0],"23":[0,0],"24":[0,0],"25":[0,0],"26":[0,0],"27":[0,0],"28":[0,0]},"f":{"1":2,"2":2,"3":2,"4":2,"5":2,"6":2,"7":3,"8":3,"9":3,"10":1,"11":6,"12":0},"fnMap":{"1":{"name":"(anonymous_1)","line":26,"loc":{"start":{"line":26,"column":1},"end":{"line":26,"column":13}}},"2":{"name":"(anonymous_2)","line":33,"loc":{"start":{"line":33,"column":5},"end":{"line":33,"column":17}}},"3":{"name":"(anonymous_3)","line":37,"loc":{"start":{"line":37,"column":24},"end":{"line":37,"column":36}}},"4":{"name":"(anonymous_4)","line":69,"loc":{"start":{"line":69,"column":31},"end":{"line":69,"column":48}},"skip":true},"5":{"name":"(anonymous_5)","line":78,"loc":{"start":{"line":78,"column":26},"end":{"line":78,"column":45}},"skip":true},"6":{"name":"(anonymous_6)","line":123,"loc":{"start":{"line":123,"column":33},"end":{"line":123,"column":48}},"skip":true},"7":{"name":"(anonymous_7)","line":125,"loc":{"start":{"line":125,"column":27},"end":{"line":125,"column":39}},"skip":true},"8":{"name":"(anonymous_8)","line":133,"loc":{"start":{"line":133,"column":59},"end":{"line":133,"column":74}},"skip":true},"9":{"name":"(anonymous_9)","line":143,"loc":{"start":{"line":143,"column":45},"end":{"line":143,"column":62}},"skip":true},"10":{"name":"(anonymous_10)","line":144,"loc":{"start":{"line":144,"column":73},"end":{"line":144,"column":92}},"skip":true},"11":{"name":"(anonymous_11)","line":272,"loc":{"start":{"line":272,"column":51},"end":{"line":272,"column":77}},"skip":true},"12":{"name":"(anonymous_12)","line":315,"loc":{"start":{"line":315,"column":32},"end":{"line":315,"column":61}},"skip":true}},"statementMap":{"1":{"start":{"line":26,"column":0},"end":{"line":326,"column":5}},"2":{"start":{"line":28,"column":4},"end":{"line":28,"column":14}},"3":{"start":{"line":33,"column":4},"end":{"line":60,"column":9}},"4":{"start":{"line":35,"column":8},"end":{"line":35,"column":19}},"5":{"start":{"line":37,"column":8},"end":{"line":49,"column":13}},"6":{"start":{"line":38,"column":12},"end":{"line":48,"column":13}},"7":{"start":{"line":39,"column":16},"end":{"line":42,"column":30}},"8":{"start":{"line":44,"column":16},"end":{"line":47,"column":27}},"9":{"start":{"line":51,"column":8},"end":{"line":53,"column":21}},"10":{"start":{"line":55,"column":8},"end":{"line":57,"column":45}},"11":{"start":{"line":59,"column":8},"end":{"line":59,"column":35}},"12":{"start":{"line":61,"column":4},"end":{"line":325,"column":5}},"13":{"start":{"line":69,"column":8},"end":{"line":121,"column":10},"skip":true},"14":{"start":{"line":70,"column":12},"end":{"line":88,"column":13},"skip":true},"15":{"start":{"line":76,"column":16},"end":{"line":87,"column":19},"skip":true},"16":{"start":{"line":79,"column":20},"end":{"line":86,"column":21},"skip":true},"17":{"start":{"line":82,"column":24},"end":{"line":82,"column":43},"skip":true},"18":{"start":{"line":83,"column":24},"end":{"line":83,"column":30},"skip":true},"19":{"start":{"line":85,"column":24},"end":{"line":85,"column":49},"skip":true},"20":{"start":{"line":89,"column":12},"end":{"line":107,"column":13},"skip":true},"21":{"start":{"line":92,"column":16},"end":{"line":102,"column":17},"skip":true},"22":{"start":{"line":93,"column":20},"end":{"line":93,"column":86},"skip":true},"23":{"start":{"line":94,"column":20},"end":{"line":95,"column":45},"skip":true},"24":{"start":{"line":96,"column":20},"end":{"line":96,"column":42},"skip":true},"25":{"start":{"line":97,"column":20},"end":{"line":97,"column":48},"skip":true},"26":{"start":{"line":100,"column":20},"end":{"line":100,"column":85},"skip":true},"27":{"start":{"line":101,"column":20},"end":{"line":101,"column":96},"skip":true},"28":{"start":{"line":103,"column":16},"end":{"line":103,"column":22},"skip":true},"29":{"start":{"line":106,"column":16},"end":{"line":106,"column":22},"skip":true},"30":{"start":{"line":108,"column":12},"end":{"line":120,"column":13},"skip":true},"31":{"start":{"line":114,"column":16},"end":{"line":119,"column":17},"skip":true},"32":{"start":{"line":116,"column":20},"end":{"line":116,"column":78},"skip":true},"33":{"start":{"line":118,"column":20},"end":{"line":118,"column":47},"skip":true},"34":{"start":{"line":123,"column":8},"end":{"line":141,"column":11},"skip":true},"35":{"start":{"line":124,"column":12},"end":{"line":124,"column":54},"skip":true},"36":{"start":{"line":125,"column":12},"end":{"line":140,"column":14},"skip":true},"37":{"start":{"line":126,"column":16},"end":{"line":126,"column":28},"skip":true},"38":{"start":{"line":127,"column":16},"end":{"line":127,"column":69},"skip":true},"39":{"start":{"line":128,"column":16},"end":{"line":128,"column":75},"skip":true},"40":{"start":{"line":129,"column":16},"end":{"line":131,"column":17},"skip":true},"41":{"start":{"line":130,"column":20},"end":{"line":130,"column":27},"skip":true},"42":{"start":{"line":133,"column":16},"end":{"line":137,"column":36},"skip":true},"43":{"start":{"line":134,"column":20},"end":{"line":136,"column":55},"skip":true},"44":{"start":{"line":139,"column":16},"end":{"line":139,"column":57},"skip":true},"45":{"start":{"line":143,"column":8},"end":{"line":147,"column":11},"skip":true},"46":{"start":{"line":144,"column":12},"end":{"line":146,"column":15},"skip":true},"47":{"start":{"line":145,"column":16},"end":{"line":145,"column":70},"skip":true},"48":{"start":{"line":149,"column":8},"end":{"line":149,"column":31},"skip":true},"49":{"start":{"line":150,"column":8},"end":{"line":150,"column":14},"skip":true},"50":{"start":{"line":158,"column":8},"end":{"line":158,"column":31},"skip":true},"51":{"start":{"line":160,"column":8},"end":{"line":160,"column":33},"skip":true},"52":{"start":{"line":161,"column":8},"end":{"line":161,"column":37},"skip":true},"53":{"start":{"line":162,"column":8},"end":{"line":162,"column":35},"skip":true},"54":{"start":{"line":164,"column":8},"end":{"line":164,"column":50},"skip":true},"55":{"start":{"line":166,"column":8},"end":{"line":256,"column":2},"skip":true},"56":{"start":{"line":258,"column":8},"end":{"line":286,"column":9},"skip":true},"57":{"start":{"line":259,"column":12},"end":{"line":269,"column":14},"skip":true},"58":{"start":{"line":271,"column":12},"end":{"line":285,"column":19},"skip":true},"59":{"start":{"line":274,"column":20},"end":{"line":274,"column":35},"skip":true},"60":{"start":{"line":275,"column":20},"end":{"line":284,"column":21},"skip":true},"61":{"start":{"line":277,"column":24},"end":{"line":277,"column":64},"skip":true},"62":{"start":{"line":279,"column":24},"end":{"line":279,"column":40},"skip":true},"63":{"start":{"line":281,"column":24},"end":{"line":281,"column":40},"skip":true},"64":{"start":{"line":283,"column":24},"end":{"line":283,"column":39},"skip":true},"65":{"start":{"line":288,"column":8},"end":{"line":290,"column":9},"skip":true},"66":{"start":{"line":289,"column":12},"end":{"line":289,"column":18},"skip":true},"67":{"start":{"line":291,"column":8},"end":{"line":293,"column":54},"skip":true},"68":{"start":{"line":296,"column":8},"end":{"line":301,"column":37},"skip":true},"69":{"start":{"line":303,"column":8},"end":{"line":303,"column":82},"skip":true},"70":{"start":{"line":306,"column":8},"end":{"line":308,"column":9},"skip":true},"71":{"start":{"line":307,"column":12},"end":{"line":307,"column":82},"skip":true},"72":{"start":{"line":310,"column":8},"end":{"line":312,"column":9},"skip":true},"73":{"start":{"line":311,"column":12},"end":{"line":311,"column":18},"skip":true},"74":{"start":{"line":313,"column":8},"end":{"line":313,"column":54},"skip":true},"75":{"start":{"line":314,"column":8},"end":{"line":314,"column":69},"skip":true},"76":{"start":{"line":315,"column":8},"end":{"line":323,"column":36},"skip":true},"77":{"start":{"line":316,"column":12},"end":{"line":316,"column":61},"skip":true},"78":{"start":{"line":317,"column":12},"end":{"line":320,"column":13},"skip":true},"79":{"start":{"line":318,"column":16},"end":{"line":318,"column":75},"skip":true},"80":{"start":{"line":319,"column":16},"end":{"line":319,"column":23},"skip":true},"81":{"start":{"line":321,"column":12},"end":{"line":321,"column":38},"skip":true},"82":{"start":{"line":322,"column":12},"end":{"line":322,"column":27},"skip":true},"83":{"start":{"line":324,"column":8},"end":{"line":324,"column":14},"skip":true}},"branchMap":{"1":{"line":39,"type":"binary-expr","locations":[{"start":{"line":39,"column":23},"end":{"line":39,"column":62}},{"start":{"line":40,"column":20},"end":{"line":40,"column":70}},{"start":{"line":41,"column":20},"end":{"line":41,"column":71}},{"start":{"line":42,"column":20},"end":{"line":42,"column":29}}]},"2":{"line":44,"type":"binary-expr","locations":[{"start":{"line":44,"column":23},"end":{"line":44,"column":37}},{"start":{"line":45,"column":20},"end":{"line":45,"column":61}},{"start":{"line":46,"column":20},"end":{"line":46,"column":70}},{"start":{"line":47,"column":20},"end":{"line":47,"column":26}}]},"3":{"line":51,"type":"cond-expr","locations":[{"start":{"line":52,"column":14},"end":{"line":52,"column":20}},{"start":{"line":53,"column":14},"end":{"line":53,"column":20}}]},"4":{"line":55,"type":"binary-expr","locations":[{"start":{"line":55,"column":16},"end":{"line":55,"column":44}},{"start":{"line":55,"column":49},"end":{"line":57,"column":43}}]},"5":{"line":55,"type":"cond-expr","locations":[{"start":{"line":56,"column":14},"end":{"line":56,"column":50}},{"start":{"line":57,"column":14},"end":{"line":57,"column":43}}]},"6":{"line":61,"type":"switch","locations":[{"start":{"line":68,"column":4},"end":{"line":150,"column":14},"skip":true},{"start":{"line":156,"column":4},"end":{"line":324,"column":14},"skip":true}]},"7":{"line":70,"type":"if","locations":[{"start":{"line":70,"column":12},"end":{"line":70,"column":12},"skip":true},{"start":{"line":70,"column":12},"end":{"line":70,"column":12},"skip":true}]},"8":{"line":70,"type":"binary-expr","locations":[{"start":{"line":70,"column":16},"end":{"line":70,"column":22},"skip":true},{"start":{"line":70,"column":27},"end":{"line":70,"column":32},"skip":true},{"start":{"line":71,"column":20},"end":{"line":71,"column":39},"skip":true},{"start":{"line":72,"column":20},"end":{"line":72,"column":49},"skip":true},{"start":{"line":73,"column":20},"end":{"line":73,"column":58},"skip":true},{"start":{"line":74,"column":20},"end":{"line":74,"column":69},"skip":true}]},"9":{"line":79,"type":"switch","locations":[{"start":{"line":80,"column":20},"end":{"line":80,"column":33},"skip":true},{"start":{"line":81,"column":20},"end":{"line":83,"column":30},"skip":true},{"start":{"line":84,"column":20},"end":{"line":85,"column":49},"skip":true}]},"10":{"line":89,"type":"switch","locations":[{"start":{"line":90,"column":12},"end":{"line":103,"column":22},"skip":true},{"start":{"line":105,"column":12},"end":{"line":106,"column":22},"skip":true}]},"11":{"line":89,"type":"binary-expr","locations":[{"start":{"line":89,"column":20},"end":{"line":89,"column":25},"skip":true},{"start":{"line":89,"column":29},"end":{"line":89,"column":48},"skip":true},{"start":{"line":89,"column":52},"end":{"line":89,"column":74},"skip":true}]},"12":{"line":92,"type":"if","locations":[{"start":{"line":92,"column":16},"end":{"line":92,"column":16},"skip":true},{"start":{"line":92,"column":16},"end":{"line":92,"column":16},"skip":true}]},"13":{"line":108,"type":"if","locations":[{"start":{"line":108,"column":12},"end":{"line":108,"column":12},"skip":true},{"start":{"line":108,"column":12},"end":{"line":108,"column":12},"skip":true}]},"14":{"line":108,"type":"binary-expr","locations":[{"start":{"line":108,"column":16},"end":{"line":108,"column":61},"skip":true},{"start":{"line":108,"column":66},"end":{"line":108,"column":72},"skip":true},{"start":{"line":108,"column":77},"end":{"line":108,"column":82},"skip":true},{"start":{"line":109,"column":20},"end":{"line":109,"column":39},"skip":true},{"start":{"line":110,"column":20},"end":{"line":110,"column":49},"skip":true},{"start":{"line":111,"column":20},"end":{"line":111,"column":58},"skip":true},{"start":{"line":112,"column":20},"end":{"line":112,"column":68},"skip":true}]},"15":{"line":129,"type":"if","locations":[{"start":{"line":129,"column":16},"end":{"line":129,"column":16},"skip":true},{"start":{"line":129,"column":16},"end":{"line":129,"column":16},"skip":true}]},"16":{"line":134,"type":"cond-expr","locations":[{"start":{"line":135,"column":26},"end":{"line":135,"column":29},"skip":true},{"start":{"line":136,"column":26},"end":{"line":136,"column":54},"skip":true}]},"17":{"line":164,"type":"binary-expr","locations":[{"start":{"line":164,"column":27},"end":{"line":164,"column":43},"skip":true},{"start":{"line":164,"column":47},"end":{"line":164,"column":49},"skip":true}]},"18":{"line":258,"type":"if","locations":[{"start":{"line":258,"column":8},"end":{"line":258,"column":8},"skip":true},{"start":{"line":258,"column":8},"end":{"line":258,"column":8},"skip":true}]},"19":{"line":275,"type":"switch","locations":[{"start":{"line":276,"column":20},"end":{"line":277,"column":64},"skip":true},{"start":{"line":278,"column":20},"end":{"line":279,"column":40},"skip":true},{"start":{"line":280,"column":20},"end":{"line":281,"column":40},"skip":true},{"start":{"line":282,"column":20},"end":{"line":283,"column":39},"skip":true}]},"20":{"line":288,"type":"if","locations":[{"start":{"line":288,"column":8},"end":{"line":288,"column":8},"skip":true},{"start":{"line":288,"column":8},"end":{"line":288,"column":8},"skip":true}]},"21":{"line":288,"type":"binary-expr","locations":[{"start":{"line":288,"column":12},"end":{"line":288,"column":40},"skip":true},{"start":{"line":288,"column":44},"end":{"line":288,"column":67},"skip":true}]},"22":{"line":292,"type":"binary-expr","locations":[{"start":{"line":292,"column":12},"end":{"line":292,"column":50},"skip":true},{"start":{"line":293,"column":12},"end":{"line":293,"column":53},"skip":true}]},"23":{"line":297,"type":"binary-expr","locations":[{"start":{"line":297,"column":12},"end":{"line":297,"column":64},"skip":true},{"start":{"line":298,"column":12},"end":{"line":301,"column":36},"skip":true}]},"24":{"line":303,"type":"binary-expr","locations":[{"start":{"line":303,"column":43},"end":{"line":303,"column":75},"skip":true},{"start":{"line":303,"column":79},"end":{"line":303,"column":81},"skip":true}]},"25":{"line":306,"type":"if","locations":[{"start":{"line":306,"column":8},"end":{"line":306,"column":8},"skip":true},{"start":{"line":306,"column":8},"end":{"line":306,"column":8},"skip":true}]},"26":{"line":310,"type":"if","locations":[{"start":{"line":310,"column":8},"end":{"line":310,"column":8},"skip":true},{"start":{"line":310,"column":8},"end":{"line":310,"column":8},"skip":true}]},"27":{"line":313,"type":"binary-expr","locations":[{"start":{"line":313,"column":27},"end":{"line":313,"column":43},"skip":true},{"start":{"line":313,"column":47},"end":{"line":313,"column":53},"skip":true}]},"28":{"line":317,"type":"if","locations":[{"start":{"line":317,"column":12},"end":{"line":317,"column":12},"skip":true},{"start":{"line":317,"column":12},"end":{"line":317,"column":12},"skip":true}]}},"code":["/*","example.js","","quickstart example","","instruction","    1. save this script as example.js","    2. run the shell command:","        $ npm install npmtest-i18n-2 && PORT=8081 node example.js","    3. play with the browser-demo on http://127.0.0.1:8081","*/","","","","/* istanbul instrument in package npmtest_i18n_2 */","/*jslint","    bitwise: true,","    browser: true,","    maxerr: 8,","    maxlen: 96,","    node: true,","    nomen: true,","    regexp: true,","    stupid: true","*/","(function () {","    'use strict';","    var local;","","","","    // run shared js-env code - init-before","    (function () {","        // init local","        local = {};","        // init modeJs","        local.modeJs = (function () {","            try {","                return typeof navigator.userAgent === 'string' &&","                    typeof document.querySelector('body') === 'object' &&","                    typeof XMLHttpRequest.prototype.open === 'function' &&","                    'browser';","            } catch (errorCaughtBrowser) {","                return module.exports &&","                    typeof process.versions.node === 'string' &&","                    typeof require('http').createServer === 'function' &&","                    'node';","            }","        }());","        // init global","        local.global = local.modeJs === 'browser'","            ? window","            : global;","        // init utility2_rollup","        local = local.global.utility2_rollup || (local.modeJs === 'browser'","            ? local.global.utility2_npmtest_i18n_2","            : global.utility2_moduleExports);","        // export local","        local.global.local = local;","    }());","    switch (local.modeJs) {","","","","    // init-after","    // run browser js-env code - init-after","    /* istanbul ignore next */","    case 'browser':","        local.testRunBrowser = function (event) {","            if (!event || (event &&","                    event.currentTarget &&","                    event.currentTarget.className &&","                    event.currentTarget.className.includes &&","                    event.currentTarget.className.includes('onreset'))) {","                // reset output","                Array.from(","                    document.querySelectorAll('body > .resettable')","                ).forEach(function (element) {","                    switch (element.tagName) {","                    case 'INPUT':","                    case 'TEXTAREA':","                        element.value = '';","                        break;","                    default:","                        element.textContent = '';","                    }","                });","            }","            switch (event && event.currentTarget && event.currentTarget.id) {","            case 'testRunButton1':","                // show tests","                if (document.querySelector('#testReportDiv1').style.display === 'none') {","                    document.querySelector('#testReportDiv1').style.display = 'block';","                    document.querySelector('#testRunButton1').textContent =","                        'hide internal test';","                    local.modeTest = true;","                    local.testRunDefault(local);","                // hide tests","                } else {","                    document.querySelector('#testReportDiv1').style.display = 'none';","                    document.querySelector('#testRunButton1').textContent = 'run internal test';","                }","                break;","            // custom-case","            default:","                break;","            }","            if (document.querySelector('#inputTextareaEval1') && (!event || (event &&","                    event.currentTarget &&","                    event.currentTarget.className &&","                    event.currentTarget.className.includes &&","                    event.currentTarget.className.includes('oneval')))) {","                // try to eval input-code","                try {","                    /*jslint evil: true*/","                    eval(document.querySelector('#inputTextareaEval1').value);","                } catch (errorCaught) {","                    console.error(errorCaught);","                }","            }","        };","        // log stderr and stdout to #outputTextareaStdout1","        ['error', 'log'].forEach(function (key) {","            console[key + '_original'] = console[key];","            console[key] = function () {","                var element;","                console[key + '_original'].apply(console, arguments);","                element = document.querySelector('#outputTextareaStdout1');","                if (!element) {","                    return;","                }","                // append text to #outputTextareaStdout1","                element.value += Array.from(arguments).map(function (arg) {","                    return typeof arg === 'string'","                        ? arg","                        : JSON.stringify(arg, null, 4);","                }).join(' ') + '\\n';","                // scroll textarea to bottom","                element.scrollTop = element.scrollHeight;","            };","        });","        // init event-handling","        ['change', 'click', 'keyup'].forEach(function (event) {","            Array.from(document.querySelectorAll('.on' + event)).forEach(function (element) {","                element.addEventListener(event, local.testRunBrowser);","            });","        });","        // run tests","        local.testRunBrowser();","        break;","","","","    // run node js-env code - init-after","    /* istanbul ignore next */","    case 'node':","        // export local","        module.exports = local;","        // require modules","        local.fs = require('fs');","        local.http = require('http');","        local.url = require('url');","        // init assets","        local.assetsDict = local.assetsDict || {};","        /* jslint-ignore-begin */","        local.assetsDict['/assets.index.template.html'] = '\\","<!doctype html>\\n\\","<html lang=\"en\">\\n\\","<head>\\n\\","<meta charset=\"UTF-8\">\\n\\","<meta name=\"viewport\" content=\"width=device-width, initial-scale=1\">\\n\\","<title>{{env.npm_package_name}} (v{{env.npm_package_version}})</title>\\n\\","<style>\\n\\","/*csslint\\n\\","    box-sizing: false,\\n\\","    universal-selector: false\\n\\","*/\\n\\","* {\\n\\","    box-sizing: border-box;\\n\\","}\\n\\","body {\\n\\","    background: #dde;\\n\\","    font-family: Arial, Helvetica, sans-serif;\\n\\","    margin: 2rem;\\n\\","}\\n\\","body > * {\\n\\","    margin-bottom: 1rem;\\n\\","}\\n\\",".utility2FooterDiv {\\n\\","    margin-top: 20px;\\n\\","    text-align: center;\\n\\","}\\n\\","</style>\\n\\","<style>\\n\\","/*csslint\\n\\","*/\\n\\","textarea {\\n\\","    font-family: monospace;\\n\\","    height: 10rem;\\n\\","    width: 100%;\\n\\","}\\n\\","textarea[readonly] {\\n\\","    background: #ddd;\\n\\","}\\n\\","</style>\\n\\","</head>\\n\\","<body>\\n\\","<!-- utility2-comment\\n\\","<div id=\"ajaxProgressDiv1\" style=\"background: #d00; height: 2px; left: 0; margin: 0; padding: 0; position: fixed; top: 0; transition: background 0.5s, width 1.5s; width: 25%;\"></div>\\n\\","utility2-comment -->\\n\\","<h1>\\n\\","<!-- utility2-comment\\n\\","    <a\\n\\","        {{#if env.npm_package_homepage}}\\n\\","        href=\"{{env.npm_package_homepage}}\"\\n\\","        {{/if env.npm_package_homepage}}\\n\\","        target=\"_blank\"\\n\\","    >\\n\\","utility2-comment -->\\n\\","        {{env.npm_package_name}} (v{{env.npm_package_version}})\\n\\","<!-- utility2-comment\\n\\","    </a>\\n\\","utility2-comment -->\\n\\","</h1>\\n\\","<h3>{{env.npm_package_description}}</h3>\\n\\","<!-- utility2-comment\\n\\","<h4><a download href=\"assets.app.js\">download standalone app</a></h4>\\n\\","<button class=\"onclick onreset\" id=\"testRunButton1\">run internal test</button><br>\\n\\","<div id=\"testReportDiv1\" style=\"display: none;\"></div>\\n\\","utility2-comment -->\\n\\","\\n\\","\\n\\","\\n\\","<label>stderr and stdout</label>\\n\\","<textarea class=\"resettable\" id=\"outputTextareaStdout1\" readonly></textarea>\\n\\","<!-- utility2-comment\\n\\","{{#if isRollup}}\\n\\","<script src=\"assets.app.js\"></script>\\n\\","{{#unless isRollup}}\\n\\","utility2-comment -->\\n\\","<script src=\"assets.utility2.rollup.js\"></script>\\n\\","<script src=\"jsonp.utility2._stateInit?callback=window.utility2._stateInit\"></script>\\n\\","<script src=\"assets.npmtest_i18n_2.rollup.js\"></script>\\n\\","<script src=\"assets.example.js\"></script>\\n\\","<script src=\"assets.test.js\"></script>\\n\\","<!-- utility2-comment\\n\\","{{/if isRollup}}\\n\\","utility2-comment -->\\n\\","<div class=\"utility2FooterDiv\">\\n\\","    [ this app was created with\\n\\","    <a href=\"https://github.com/kaizhu256/node-utility2\" target=\"_blank\">utility2</a>\\n\\","    ]\\n\\","</div>\\n\\","</body>\\n\\","</html>\\n\\","';","        /* jslint-ignore-end */","        if (local.templateRender) {","            local.assetsDict['/'] = local.templateRender(","                local.assetsDict['/assets.index.template.html'],","                {","                    env: local.objectSetDefault(local.env, {","                        npm_package_description: 'the greatest app in the world!',","                        npm_package_name: 'my-app',","                        npm_package_nameAlias: 'my_app',","                        npm_package_version: '0.0.1'","                    })","                }","            );","        } else {","            local.assetsDict['/'] = local.assetsDict['/assets.index.template.html']","                .replace((/\\{\\{env\\.(\\w+?)\\}\\}/g), function (match0, match1) {","                    // jslint-hack","                    String(match0);","                    switch (match1) {","                    case 'npm_package_description':","                        return 'the greatest app in the world!';","                    case 'npm_package_name':","                        return 'my-app';","                    case 'npm_package_nameAlias':","                        return 'my_app';","                    case 'npm_package_version':","                        return '0.0.1';","                    }","                });","        }","        // run the cli","        if (local.global.utility2_rollup || module !== require.main) {","            break;","        }","        local.assetsDict['/assets.example.js'] =","            local.assetsDict['/assets.example.js'] ||","            local.fs.readFileSync(__filename, 'utf8');","        // bug-workaround - long $npm_package_buildCustomOrg","        /* jslint-ignore-begin */","        local.assetsDict['/assets.npmtest_i18n_2.rollup.js'] =","            local.assetsDict['/assets.npmtest_i18n_2.rollup.js'] ||","            local.fs.readFileSync(","                local.npmtest_i18n_2.__dirname + '/lib.npmtest_i18n_2.js',","                'utf8'","            ).replace((/^#!/), '//');","        /* jslint-ignore-end */","        local.assetsDict['/favicon.ico'] = local.assetsDict['/favicon.ico'] || '';","        // if $npm_config_timeout_exit exists,","        // then exit this process after $npm_config_timeout_exit ms","        if (Number(process.env.npm_config_timeout_exit)) {","            setTimeout(process.exit, Number(process.env.npm_config_timeout_exit));","        }","        // start server","        if (local.global.utility2_serverHttp1) {","            break;","        }","        process.env.PORT = process.env.PORT || '8081';","        console.error('server starting on port ' + process.env.PORT);","        local.http.createServer(function (request, response) {","            request.urlParsed = local.url.parse(request.url);","            if (local.assetsDict[request.urlParsed.pathname] !== undefined) {","                response.end(local.assetsDict[request.urlParsed.pathname]);","                return;","            }","            response.statusCode = 404;","            response.end();","        }).listen(process.env.PORT);","        break;","    }","}());",""],"l":{"26":2,"28":2,"33":2,"35":2,"37":2,"38":2,"39":2,"44":1,"51":2,"55":2,"59":2,"61":2,"69":1,"70":2,"76":2,"79":2,"82":2,"83":2,"85":1,"89":2,"92":1,"93":1,"94":1,"96":1,"97":1,"100":1,"101":1,"103":1,"106":1,"108":2,"114":1,"116":1,"118":1,"123":1,"124":2,"125":2,"126":3,"127":3,"128":3,"129":3,"130":1,"133":3,"134":3,"139":3,"143":1,"144":3,"145":1,"149":1,"150":1,"158":1,"160":1,"161":1,"162":1,"164":1,"166":1,"258":1,"259":1,"271":1,"274":6,"275":6,"277":1,"279":2,"281":1,"283":2,"288":1,"289":1,"291":1,"296":1,"303":1,"306":1,"307":1,"310":1,"311":1,"313":1,"314":1,"315":1,"316":1,"317":1,"318":1,"319":1,"321":1,"322":1,"324":1}},"/home/travis/build/npmtest/node-npmtest-i18n-2/node_modules/i18n-2/index.js":{"path":"/home/travis/build/npmtest/node-npmtest-i18n-2/node_modules/i18n-2/index.js","s":{"1":1},"b":{},"f":{},"fnMap":{},"statementMap":{"1":{"start":{"line":1,"column":0},"end":{"line":1,"column":35}}},"branchMap":{},"code":["module.exports = require('./i18n');",""],"l":{"1":1}},"/home/travis/build/npmtest/node-npmtest-i18n-2/node_modules/i18n-2/i18n.js":{"path":"/home/travis/build/npmtest/node-npmtest-i18n-2/node_modules/i18n-2/i18n.js","s":{"1":1,"2":1,"3":0,"4":0,"5":0,"6":0,"7":0,"8":0,"9":0,"10":0,"11":0,"12":0,"13":0,"14":1,"15":0,"16":0,"17":0,"18":0,"19":0,"20":0,"21":0,"22":0,"23":0,"24":0,"25":0,"26":0,"27":0,"28":0,"29":0,"30":0,"31":0,"32":0,"33":0,"34":0,"35":0,"36":0,"37":0,"38":0,"39":0,"40":1,"41":1,"42":1,"43":1,"44":0,"45":0,"46":0,"47":0,"48":0,"49":0,"50":0,"51":0,"52":0,"53":0,"54":1,"55":0,"56":0,"57":0,"58":0,"59":0,"60":0,"61":1,"62":0,"63":0,"64":0,"65":0,"66":0,"67":0,"68":0,"69":0,"70":0,"71":0,"72":0,"73":0,"74":0,"75":0,"76":0,"77":0,"78":0,"79":0,"80":0,"81":0,"82":0,"83":0,"84":0,"85":0,"86":0,"87":0,"88":0,"89":0,"90":0,"91":0,"92":0,"93":0,"94":0,"95":0,"96":0,"97":0,"98":0,"99":0,"100":0,"101":0,"102":0,"103":0,"104":0,"105":0,"106":0,"107":0,"108":0,"109":0,"110":0,"111":0,"112":0,"113":0,"114":0,"115":0,"116":0,"117":0,"118":0,"119":0,"120":0,"121":0,"122":0,"123":0,"124":0,"125":0,"126":0,"127":0,"128":0,"129":0,"130":0,"131":0,"132":0,"133":0,"134":0,"135":0,"136":0,"137":0,"138":0,"139":0,"140":0,"141":0,"142":0,"143":0,"144":0,"145":0,"146":0,"147":0,"148":0,"149":0,"150":0,"151":0,"152":0,"153":0,"154":0,"155":0,"156":0,"157":0,"158":0,"159":0,"160":0,"161":0,"162":0,"163":0,"164":0,"165":0,"166":0,"167":0,"168":0,"169":0,"170":0,"171":0,"172":0,"173":0,"174":0,"175":0,"176":0,"177":0,"178":0,"179":0,"180":0,"181":0,"182":0,"183":0,"184":0,"185":0,"186":0,"187":0,"188":0,"189":0,"190":0,"191":0,"192":0,"193":0,"194":0,"195":0,"196":0,"197":0,"198":0},"b":{"1":[0,0],"2":[0,0],"3":[0,0],"4":[0,0],"5":[0,0],"6":[0,0],"7":[0,0],"8":[0,0],"9":[0,0],"10":[0,0],"11":[0,0],"12":[0,0],"13":[0,0],"14":[0,0],"15":[0,0],"16":[0,0],"17":[0,0],"18":[0,0],"19":[0,0],"20":[0,0],"21":[0,0],"22":[0,0],"23":[0,0],"24":[0,0],"25":[0,0],"26":[0,0],"27":[0,0],"28":[0,0],"29":[0,0],"30":[0,0],"31":[0,0],"32":[0,0,0],"33":[0,0],"34":[0,0],"35":[0,0],"36":[0,0],"37":[0,0,0],"38":[0,0],"39":[0,0],"40":[0,0],"41":[0,0],"42":[0,0,0],"43":[0,0],"44":[0,0],"45":[0,0],"46":[0,0],"47":[0,0],"48":[0,0,0,0],"49":[0,0],"50":[0,0],"51":[0,0],"52":[0,0],"53":[0,0],"54":[0,0],"55":[0,0],"56":[0,0],"57":[0,0],"58":[0,0],"59":[0,0],"60":[0,0],"61":[0,0],"62":[0,0],"63":[0,0],"64":[0,0],"65":[0,0],"66":[0,0],"67":[0,0],"68":[0,0],"69":[0,0],"70":[0,0],"71":[0,0],"72":[0,0],"73":[0,0],"74":[0,0],"75":[0,0],"76":[0,0],"77":[0,0],"78":[0,0],"79":[0,0],"80":[0,0],"81":[0,0]},"f":{"1":0,"2":0,"3":0,"4":0,"5":0,"6":0,"7":0,"8":0,"9":0,"10":0,"11":0,"12":0,"13":0,"14":0,"15":0,"16":0,"17":0,"18":0,"19":0,"20":0,"21":0,"22":0,"23":0,"24":0,"25":0,"26":0},"fnMap":{"1":{"name":"dotNotation","line":16,"loc":{"start":{"line":16,"column":0},"end":{"line":16,"column":38}}},"2":{"name":"(anonymous_2)","line":36,"loc":{"start":{"line":36,"column":28},"end":{"line":36,"column":43}}},"3":{"name":"(anonymous_3)","line":49,"loc":{"start":{"line":49,"column":26},"end":{"line":49,"column":44}}},"4":{"name":"(anonymous_4)","line":59,"loc":{"start":{"line":59,"column":22},"end":{"line":59,"column":40}}},"5":{"name":"(anonymous_5)","line":100,"loc":{"start":{"line":100,"column":19},"end":{"line":100,"column":39}}},"6":{"name":"(anonymous_6)","line":105,"loc":{"start":{"line":105,"column":9},"end":{"line":105,"column":35}}},"7":{"name":"(anonymous_7)","line":123,"loc":{"start":{"line":123,"column":23},"end":{"line":123,"column":47}}},"8":{"name":"(anonymous_8)","line":124,"loc":{"start":{"line":124,"column":25},"end":{"line":124,"column":43}}},"9":{"name":"(anonymous_9)","line":128,"loc":{"start":{"line":128,"column":21},"end":{"line":128,"column":36}}},"10":{"name":"(anonymous_10)","line":148,"loc":{"start":{"line":148,"column":7},"end":{"line":148,"column":31}}},"11":{"name":"(anonymous_11)","line":152,"loc":{"start":{"line":152,"column":5},"end":{"line":152,"column":17}}},"12":{"name":"(anonymous_12)","line":162,"loc":{"start":{"line":162,"column":6},"end":{"line":162,"column":66}}},"13":{"name":"(anonymous_13)","line":186,"loc":{"start":{"line":186,"column":12},"end":{"line":186,"column":30}}},"14":{"name":"(anonymous_14)","line":201,"loc":{"start":{"line":201,"column":12},"end":{"line":201,"column":24}}},"15":{"name":"(anonymous_15)","line":205,"loc":{"start":{"line":205,"column":20},"end":{"line":205,"column":32}}},"16":{"name":"(anonymous_16)","line":210,"loc":{"start":{"line":210,"column":26},"end":{"line":210,"column":41}}},"17":{"name":"(anonymous_17)","line":228,"loc":{"start":{"line":228,"column":21},"end":{"line":228,"column":36}}},"18":{"name":"(anonymous_18)","line":246,"loc":{"start":{"line":246,"column":25},"end":{"line":246,"column":40}}},"19":{"name":"(anonymous_19)","line":262,"loc":{"start":{"line":262,"column":22},"end":{"line":262,"column":37}}},"20":{"name":"(anonymous_20)","line":280,"loc":{"start":{"line":280,"column":35},"end":{"line":280,"column":47}}},"21":{"name":"(anonymous_21)","line":294,"loc":{"start":{"line":294,"column":18},"end":{"line":294,"column":33}}},"22":{"name":"(anonymous_22)","line":321,"loc":{"start":{"line":321,"column":12},"end":{"line":321,"column":48}}},"23":{"name":"(anonymous_23)","line":344,"loc":{"start":{"line":344,"column":11},"end":{"line":344,"column":29}}},"24":{"name":"(anonymous_24)","line":405,"loc":{"start":{"line":405,"column":12},"end":{"line":405,"column":30}}},"25":{"name":"(anonymous_25)","line":452,"loc":{"start":{"line":452,"column":13},"end":{"line":452,"column":31}}},"26":{"name":"(anonymous_26)","line":456,"loc":{"start":{"line":456,"column":13},"end":{"line":456,"column":37}}}},"statementMap":{"1":{"start":{"line":11,"column":0},"end":{"line":13,"column":25}},"2":{"start":{"line":16,"column":0},"end":{"line":34,"column":1}},"3":{"start":{"line":17,"column":1},"end":{"line":19,"column":2}},"4":{"start":{"line":18,"column":2},"end":{"line":18,"column":17}},"5":{"start":{"line":21,"column":1},"end":{"line":33,"column":2}},"6":{"start":{"line":22,"column":2},"end":{"line":22,"column":48}},"7":{"start":{"line":23,"column":8},"end":{"line":33,"column":2}},"8":{"start":{"line":24,"column":2},"end":{"line":24,"column":28}},"9":{"start":{"line":25,"column":8},"end":{"line":33,"column":2}},"10":{"start":{"line":26,"column":2},"end":{"line":26,"column":13}},"11":{"start":{"line":28,"column":2},"end":{"line":32,"column":3}},"12":{"start":{"line":29,"column":3},"end":{"line":29,"column":54}},"13":{"start":{"line":31,"column":3},"end":{"line":31,"column":43}},"14":{"start":{"line":36,"column":0},"end":{"line":93,"column":2}},"15":{"start":{"line":37,"column":1},"end":{"line":37,"column":17}},"16":{"start":{"line":40,"column":1},"end":{"line":40,"column":54}},"17":{"start":{"line":43,"column":1},"end":{"line":45,"column":2}},"18":{"start":{"line":44,"column":2},"end":{"line":44,"column":25}},"19":{"start":{"line":48,"column":1},"end":{"line":52,"column":2}},"20":{"start":{"line":49,"column":2},"end":{"line":51,"column":5}},"21":{"start":{"line":50,"column":3},"end":{"line":50,"column":51}},"22":{"start":{"line":56,"column":1},"end":{"line":64,"column":2}},"23":{"start":{"line":57,"column":2},"end":{"line":57,"column":20}},"24":{"start":{"line":59,"column":2},"end":{"line":61,"column":5}},"25":{"start":{"line":60,"column":3},"end":{"line":60,"column":25}},"26":{"start":{"line":63,"column":2},"end":{"line":63,"column":38}},"27":{"start":{"line":67,"column":1},"end":{"line":67,"column":36}},"28":{"start":{"line":70,"column":1},"end":{"line":72,"column":2}},"29":{"start":{"line":71,"column":2},"end":{"line":71,"column":47}},"30":{"start":{"line":74,"column":1},"end":{"line":92,"column":2}},"31":{"start":{"line":75,"column":2},"end":{"line":77,"column":3}},"32":{"start":{"line":76,"column":3},"end":{"line":76,"column":45}},"33":{"start":{"line":79,"column":2},"end":{"line":81,"column":3}},"34":{"start":{"line":80,"column":3},"end":{"line":80,"column":41}},"35":{"start":{"line":83,"column":2},"end":{"line":85,"column":3}},"36":{"start":{"line":84,"column":3},"end":{"line":84,"column":46}},"37":{"start":{"line":87,"column":2},"end":{"line":87,"column":43}},"38":{"start":{"line":89,"column":2},"end":{"line":91,"column":3}},"39":{"start":{"line":90,"column":3},"end":{"line":90,"column":35}},"40":{"start":{"line":95,"column":0},"end":{"line":95,"column":23}},"41":{"start":{"line":97,"column":0},"end":{"line":97,"column":22}},"42":{"start":{"line":98,"column":0},"end":{"line":98,"column":66}},"43":{"start":{"line":100,"column":0},"end":{"line":121,"column":2}},"44":{"start":{"line":101,"column":1},"end":{"line":103,"column":2}},"45":{"start":{"line":102,"column":2},"end":{"line":102,"column":9}},"46":{"start":{"line":105,"column":1},"end":{"line":115,"column":4}},"47":{"start":{"line":106,"column":2},"end":{"line":106,"column":20}},"48":{"start":{"line":107,"column":2},"end":{"line":107,"column":27}},"49":{"start":{"line":110,"column":2},"end":{"line":112,"column":3}},"50":{"start":{"line":111,"column":3},"end":{"line":111,"column":40}},"51":{"start":{"line":114,"column":2},"end":{"line":114,"column":9}},"52":{"start":{"line":118,"column":1},"end":{"line":120,"column":2}},"53":{"start":{"line":119,"column":2},"end":{"line":119,"column":47}},"54":{"start":{"line":123,"column":0},"end":{"line":136,"column":2}},"55":{"start":{"line":124,"column":1},"end":{"line":133,"column":4}},"56":{"start":{"line":125,"column":2},"end":{"line":131,"column":3}},"57":{"start":{"line":126,"column":3},"end":{"line":126,"column":53}},"58":{"start":{"line":128,"column":3},"end":{"line":130,"column":5}},"59":{"start":{"line":129,"column":4},"end":{"line":129,"column":43}},"60":{"start":{"line":135,"column":1},"end":{"line":135,"column":16}},"61":{"start":{"line":138,"column":0},"end":{"line":469,"column":2}},"62":{"start":{"line":149,"column":3},"end":{"line":149,"column":45}},"63":{"start":{"line":153,"column":2},"end":{"line":153,"column":54}},"64":{"start":{"line":155,"column":2},"end":{"line":157,"column":3}},"65":{"start":{"line":156,"column":3},"end":{"line":156,"column":65}},"66":{"start":{"line":159,"column":2},"end":{"line":159,"column":13}},"67":{"start":{"line":163,"column":2},"end":{"line":163,"column":10}},"68":{"start":{"line":164,"column":2},"end":{"line":181,"column":3}},"69":{"start":{"line":165,"column":3},"end":{"line":165,"column":29}},"70":{"start":{"line":166,"column":3},"end":{"line":166,"column":29}},"71":{"start":{"line":167,"column":3},"end":{"line":167,"column":43}},"72":{"start":{"line":169,"column":3},"end":{"line":169,"column":107}},"73":{"start":{"line":171,"column":3},"end":{"line":171,"column":33}},"74":{"start":{"line":172,"column":3},"end":{"line":172,"column":30}},"75":{"start":{"line":173,"column":3},"end":{"line":173,"column":33}},"76":{"start":{"line":174,"column":3},"end":{"line":174,"column":55}},"77":{"start":{"line":176,"column":3},"end":{"line":176,"column":74}},"78":{"start":{"line":178,"column":3},"end":{"line":180,"column":4}},"79":{"start":{"line":179,"column":4},"end":{"line":179,"column":66}},"80":{"start":{"line":183,"column":2},"end":{"line":183,"column":13}},"81":{"start":{"line":188,"column":2},"end":{"line":188,"column":22}},"82":{"start":{"line":188,"column":15},"end":{"line":188,"column":22}},"83":{"start":{"line":190,"column":2},"end":{"line":196,"column":3}},"84":{"start":{"line":191,"column":3},"end":{"line":193,"column":4}},"85":{"start":{"line":192,"column":4},"end":{"line":192,"column":55}},"86":{"start":{"line":195,"column":3},"end":{"line":195,"column":31}},"87":{"start":{"line":198,"column":2},"end":{"line":198,"column":32}},"88":{"start":{"line":202,"column":2},"end":{"line":202,"column":21}},"89":{"start":{"line":206,"column":2},"end":{"line":207,"column":41}},"90":{"start":{"line":211,"column":2},"end":{"line":211,"column":28}},"91":{"start":{"line":213,"column":2},"end":{"line":215,"column":3}},"92":{"start":{"line":214,"column":3},"end":{"line":214,"column":10}},"93":{"start":{"line":217,"column":2},"end":{"line":217,"column":48}},"94":{"start":{"line":219,"column":2},"end":{"line":224,"column":3}},"95":{"start":{"line":220,"column":3},"end":{"line":222,"column":4}},"96":{"start":{"line":221,"column":4},"end":{"line":221,"column":59}},"97":{"start":{"line":223,"column":3},"end":{"line":223,"column":26}},"98":{"start":{"line":229,"column":2},"end":{"line":229,"column":28}},"99":{"start":{"line":231,"column":2},"end":{"line":233,"column":3}},"100":{"start":{"line":232,"column":3},"end":{"line":232,"column":10}},"101":{"start":{"line":235,"column":2},"end":{"line":235,"column":49}},"102":{"start":{"line":237,"column":2},"end":{"line":243,"column":3}},"103":{"start":{"line":238,"column":3},"end":{"line":240,"column":4}},"104":{"start":{"line":239,"column":4},"end":{"line":239,"column":59}},"105":{"start":{"line":242,"column":3},"end":{"line":242,"column":26}},"106":{"start":{"line":247,"column":2},"end":{"line":247,"column":28}},"107":{"start":{"line":249,"column":2},"end":{"line":251,"column":3}},"108":{"start":{"line":250,"column":3},"end":{"line":250,"column":10}},"109":{"start":{"line":253,"column":2},"end":{"line":259,"column":3}},"110":{"start":{"line":254,"column":3},"end":{"line":256,"column":4}},"111":{"start":{"line":255,"column":4},"end":{"line":255,"column":61}},"112":{"start":{"line":258,"column":3},"end":{"line":258,"column":29}},"113":{"start":{"line":263,"column":2},"end":{"line":263,"column":28}},"114":{"start":{"line":265,"column":2},"end":{"line":267,"column":3}},"115":{"start":{"line":266,"column":3},"end":{"line":266,"column":10}},"116":{"start":{"line":269,"column":2},"end":{"line":269,"column":58}},"117":{"start":{"line":271,"column":2},"end":{"line":277,"column":3}},"118":{"start":{"line":272,"column":3},"end":{"line":274,"column":4}},"119":{"start":{"line":273,"column":4},"end":{"line":273,"column":60}},"120":{"start":{"line":276,"column":3},"end":{"line":276,"column":26}},"121":{"start":{"line":281,"column":2},"end":{"line":283,"column":3}},"122":{"start":{"line":282,"column":3},"end":{"line":282,"column":10}},"123":{"start":{"line":284,"column":2},"end":{"line":284,"column":46}},"124":{"start":{"line":285,"column":2},"end":{"line":291,"column":3}},"125":{"start":{"line":286,"column":3},"end":{"line":288,"column":4}},"126":{"start":{"line":287,"column":4},"end":{"line":287,"column":74}},"127":{"start":{"line":290,"column":3},"end":{"line":290,"column":26}},"128":{"start":{"line":295,"column":2},"end":{"line":295,"column":28}},"129":{"start":{"line":297,"column":2},"end":{"line":299,"column":3}},"130":{"start":{"line":298,"column":3},"end":{"line":298,"column":10}},"131":{"start":{"line":301,"column":2},"end":{"line":304,"column":15}},"132":{"start":{"line":306,"column":2},"end":{"line":315,"column":3}},"133":{"start":{"line":307,"column":3},"end":{"line":307,"column":39}},"134":{"start":{"line":308,"column":3},"end":{"line":308,"column":33}},"135":{"start":{"line":310,"column":3},"end":{"line":314,"column":4}},"136":{"start":{"line":311,"column":4},"end":{"line":311,"column":24}},"137":{"start":{"line":312,"column":10},"end":{"line":314,"column":4}},"138":{"start":{"line":313,"column":4},"end":{"line":313,"column":26}},"139":{"start":{"line":317,"column":2},"end":{"line":317,"column":42}},"140":{"start":{"line":322,"column":2},"end":{"line":331,"column":3}},"141":{"start":{"line":323,"column":3},"end":{"line":326,"column":4}},"142":{"start":{"line":324,"column":4},"end":{"line":325,"column":50}},"143":{"start":{"line":328,"column":3},"end":{"line":328,"column":31}},"144":{"start":{"line":330,"column":3},"end":{"line":330,"column":31}},"145":{"start":{"line":333,"column":2},"end":{"line":338,"column":3}},"146":{"start":{"line":334,"column":3},"end":{"line":337,"column":4}},"147":{"start":{"line":335,"column":4},"end":{"line":335,"column":103}},"148":{"start":{"line":336,"column":4},"end":{"line":336,"column":27}},"149":{"start":{"line":340,"column":2},"end":{"line":340,"column":108}},"150":{"start":{"line":345,"column":2},"end":{"line":345,"column":37}},"151":{"start":{"line":347,"column":2},"end":{"line":350,"column":3}},"152":{"start":{"line":348,"column":3},"end":{"line":348,"column":51}},"153":{"start":{"line":349,"column":3},"end":{"line":349,"column":10}},"154":{"start":{"line":352,"column":2},"end":{"line":401,"column":3}},"155":{"start":{"line":353,"column":3},"end":{"line":353,"column":42}},"156":{"start":{"line":354,"column":3},"end":{"line":354,"column":12}},"157":{"start":{"line":357,"column":3},"end":{"line":373,"column":4}},"158":{"start":{"line":358,"column":4},"end":{"line":358,"column":21}},"159":{"start":{"line":360,"column":4},"end":{"line":364,"column":5}},"160":{"start":{"line":361,"column":5},"end":{"line":361,"column":38}},"161":{"start":{"line":363,"column":5},"end":{"line":363,"column":77}},"162":{"start":{"line":366,"column":4},"end":{"line":372,"column":5}},"163":{"start":{"line":367,"column":5},"end":{"line":371,"column":6}},"164":{"start":{"line":368,"column":6},"end":{"line":368,"column":72}},"165":{"start":{"line":370,"column":6},"end":{"line":370,"column":99}},"166":{"start":{"line":375,"column":3},"end":{"line":392,"column":4}},"167":{"start":{"line":377,"column":4},"end":{"line":377,"column":41}},"168":{"start":{"line":379,"column":4},"end":{"line":385,"column":5}},"169":{"start":{"line":381,"column":5},"end":{"line":383,"column":6}},"170":{"start":{"line":382,"column":6},"end":{"line":382,"column":33}},"171":{"start":{"line":384,"column":5},"end":{"line":384,"column":20}},"172":{"start":{"line":388,"column":4},"end":{"line":388,"column":37}},"173":{"start":{"line":390,"column":4},"end":{"line":391,"column":60}},"174":{"start":{"line":398,"column":3},"end":{"line":400,"column":4}},"175":{"start":{"line":399,"column":4},"end":{"line":399,"column":27}},"176":{"start":{"line":407,"column":2},"end":{"line":411,"column":3}},"177":{"start":{"line":409,"column":3},"end":{"line":409,"column":31}},"178":{"start":{"line":410,"column":3},"end":{"line":410,"column":10}},"179":{"start":{"line":414,"column":2},"end":{"line":423,"column":3}},"180":{"start":{"line":415,"column":3},"end":{"line":415,"column":32}},"181":{"start":{"line":418,"column":3},"end":{"line":420,"column":4}},"182":{"start":{"line":419,"column":4},"end":{"line":419,"column":62}},"183":{"start":{"line":422,"column":3},"end":{"line":422,"column":38}},"184":{"start":{"line":426,"column":2},"end":{"line":426,"column":30}},"185":{"start":{"line":429,"column":2},"end":{"line":448,"column":3}},"186":{"start":{"line":430,"column":3},"end":{"line":431,"column":27}},"187":{"start":{"line":433,"column":3},"end":{"line":435,"column":16}},"188":{"start":{"line":437,"column":3},"end":{"line":443,"column":4}},"189":{"start":{"line":438,"column":4},"end":{"line":438,"column":31}},"190":{"start":{"line":441,"column":4},"end":{"line":442,"column":50}},"191":{"start":{"line":446,"column":3},"end":{"line":447,"column":52}},"192":{"start":{"line":453,"column":2},"end":{"line":453,"column":72}},"193":{"start":{"line":457,"column":2},"end":{"line":467,"column":3}},"194":{"start":{"line":458,"column":3},"end":{"line":458,"column":31}},"195":{"start":{"line":461,"column":3},"end":{"line":466,"column":4}},"196":{"start":{"line":462,"column":4},"end":{"line":462,"column":39}},"197":{"start":{"line":463,"column":4},"end":{"line":465,"column":5}},"198":{"start":{"line":464,"column":5},"end":{"line":464,"column":35}}},"branchMap":{"1":{"line":17,"type":"if","locations":[{"start":{"line":17,"column":1},"end":{"line":17,"column":1}},{"start":{"line":17,"column":1},"end":{"line":17,"column":1}}]},"2":{"line":21,"type":"if","locations":[{"start":{"line":21,"column":1},"end":{"line":21,"column":1}},{"start":{"line":21,"column":1},"end":{"line":21,"column":1}}]},"3":{"line":23,"type":"if","locations":[{"start":{"line":23,"column":8},"end":{"line":23,"column":8}},{"start":{"line":23,"column":8},"end":{"line":23,"column":8}}]},"4":{"line":23,"type":"binary-expr","locations":[{"start":{"line":23,"column":12},"end":{"line":23,"column":27}},{"start":{"line":23,"column":31},"end":{"line":23,"column":50}}]},"5":{"line":25,"type":"if","locations":[{"start":{"line":25,"column":8},"end":{"line":25,"column":8}},{"start":{"line":25,"column":8},"end":{"line":25,"column":8}}]},"6":{"line":28,"type":"if","locations":[{"start":{"line":28,"column":2},"end":{"line":28,"column":2}},{"start":{"line":28,"column":2},"end":{"line":28,"column":2}}]},"7":{"line":48,"type":"if","locations":[{"start":{"line":48,"column":1},"end":{"line":48,"column":1}},{"start":{"line":48,"column":1},"end":{"line":48,"column":1}}]},"8":{"line":56,"type":"if","locations":[{"start":{"line":56,"column":1},"end":{"line":56,"column":1}},{"start":{"line":56,"column":1},"end":{"line":56,"column":1}}]},"9":{"line":56,"type":"binary-expr","locations":[{"start":{"line":56,"column":5},"end":{"line":56,"column":16}},{"start":{"line":56,"column":20},"end":{"line":56,"column":39}}]},"10":{"line":70,"type":"if","locations":[{"start":{"line":70,"column":1},"end":{"line":70,"column":1}},{"start":{"line":70,"column":1},"end":{"line":70,"column":1}}]},"11":{"line":74,"type":"if","locations":[{"start":{"line":74,"column":1},"end":{"line":74,"column":1}},{"start":{"line":74,"column":1},"end":{"line":74,"column":1}}]},"12":{"line":75,"type":"if","locations":[{"start":{"line":75,"column":2},"end":{"line":75,"column":2}},{"start":{"line":75,"column":2},"end":{"line":75,"column":2}}]},"13":{"line":79,"type":"if","locations":[{"start":{"line":79,"column":2},"end":{"line":79,"column":2}},{"start":{"line":79,"column":2},"end":{"line":79,"column":2}}]},"14":{"line":83,"type":"if","locations":[{"start":{"line":83,"column":2},"end":{"line":83,"column":2}},{"start":{"line":83,"column":2},"end":{"line":83,"column":2}}]},"15":{"line":89,"type":"if","locations":[{"start":{"line":89,"column":2},"end":{"line":89,"column":2}},{"start":{"line":89,"column":2},"end":{"line":89,"column":2}}]},"16":{"line":89,"type":"binary-expr","locations":[{"start":{"line":89,"column":6},"end":{"line":89,"column":31}},{"start":{"line":89,"column":35},"end":{"line":89,"column":66}}]},"17":{"line":101,"type":"if","locations":[{"start":{"line":101,"column":1},"end":{"line":101,"column":1}},{"start":{"line":101,"column":1},"end":{"line":101,"column":1}}]},"18":{"line":110,"type":"if","locations":[{"start":{"line":110,"column":2},"end":{"line":110,"column":2}},{"start":{"line":110,"column":2},"end":{"line":110,"column":2}}]},"19":{"line":118,"type":"if","locations":[{"start":{"line":118,"column":1},"end":{"line":118,"column":1}},{"start":{"line":118,"column":1},"end":{"line":118,"column":1}}]},"20":{"line":125,"type":"if","locations":[{"start":{"line":125,"column":2},"end":{"line":125,"column":2}},{"start":{"line":125,"column":2},"end":{"line":125,"column":2}}]},"21":{"line":155,"type":"if","locations":[{"start":{"line":155,"column":2},"end":{"line":155,"column":2}},{"start":{"line":155,"column":2},"end":{"line":155,"column":2}}]},"22":{"line":164,"type":"if","locations":[{"start":{"line":164,"column":2},"end":{"line":164,"column":2}},{"start":{"line":164,"column":2},"end":{"line":164,"column":2}}]},"23":{"line":169,"type":"cond-expr","locations":[{"start":{"line":169,"column":44},"end":{"line":169,"column":53}},{"start":{"line":169,"column":56},"end":{"line":169,"column":63}}]},"24":{"line":176,"type":"cond-expr","locations":[{"start":{"line":176,"column":44},"end":{"line":176,"column":53}},{"start":{"line":176,"column":56},"end":{"line":176,"column":63}}]},"25":{"line":178,"type":"if","locations":[{"start":{"line":178,"column":3},"end":{"line":178,"column":3}},{"start":{"line":178,"column":3},"end":{"line":178,"column":3}}]},"26":{"line":188,"type":"if","locations":[{"start":{"line":188,"column":2},"end":{"line":188,"column":2}},{"start":{"line":188,"column":2},"end":{"line":188,"column":2}}]},"27":{"line":190,"type":"if","locations":[{"start":{"line":190,"column":2},"end":{"line":190,"column":2}},{"start":{"line":190,"column":2},"end":{"line":190,"column":2}}]},"28":{"line":191,"type":"if","locations":[{"start":{"line":191,"column":3},"end":{"line":191,"column":3}},{"start":{"line":191,"column":3},"end":{"line":191,"column":3}}]},"29":{"line":206,"type":"binary-expr","locations":[{"start":{"line":206,"column":9},"end":{"line":206,"column":25}},{"start":{"line":207,"column":4},"end":{"line":207,"column":40}}]},"30":{"line":211,"type":"binary-expr","locations":[{"start":{"line":211,"column":8},"end":{"line":211,"column":11}},{"start":{"line":211,"column":15},"end":{"line":211,"column":27}}]},"31":{"line":213,"type":"if","locations":[{"start":{"line":213,"column":2},"end":{"line":213,"column":2}},{"start":{"line":213,"column":2},"end":{"line":213,"column":2}}]},"32":{"line":213,"type":"binary-expr","locations":[{"start":{"line":213,"column":6},"end":{"line":213,"column":10}},{"start":{"line":213,"column":14},"end":{"line":213,"column":26}},{"start":{"line":213,"column":30},"end":{"line":213,"column":63}}]},"33":{"line":219,"type":"if","locations":[{"start":{"line":219,"column":2},"end":{"line":219,"column":2}},{"start":{"line":219,"column":2},"end":{"line":219,"column":2}}]},"34":{"line":220,"type":"if","locations":[{"start":{"line":220,"column":3},"end":{"line":220,"column":3}},{"start":{"line":220,"column":3},"end":{"line":220,"column":3}}]},"35":{"line":229,"type":"binary-expr","locations":[{"start":{"line":229,"column":8},"end":{"line":229,"column":11}},{"start":{"line":229,"column":15},"end":{"line":229,"column":27}}]},"36":{"line":231,"type":"if","locations":[{"start":{"line":231,"column":2},"end":{"line":231,"column":2}},{"start":{"line":231,"column":2},"end":{"line":231,"column":2}}]},"37":{"line":231,"type":"binary-expr","locations":[{"start":{"line":231,"column":6},"end":{"line":231,"column":10}},{"start":{"line":231,"column":14},"end":{"line":231,"column":24}},{"start":{"line":231,"column":28},"end":{"line":231,"column":43}}]},"38":{"line":237,"type":"if","locations":[{"start":{"line":237,"column":2},"end":{"line":237,"column":2}},{"start":{"line":237,"column":2},"end":{"line":237,"column":2}}]},"39":{"line":238,"type":"if","locations":[{"start":{"line":238,"column":3},"end":{"line":238,"column":3}},{"start":{"line":238,"column":3},"end":{"line":238,"column":3}}]},"40":{"line":247,"type":"binary-expr","locations":[{"start":{"line":247,"column":8},"end":{"line":247,"column":11}},{"start":{"line":247,"column":15},"end":{"line":247,"column":27}}]},"41":{"line":249,"type":"if","locations":[{"start":{"line":249,"column":2},"end":{"line":249,"column":2}},{"start":{"line":249,"column":2},"end":{"line":249,"column":2}}]},"42":{"line":249,"type":"binary-expr","locations":[{"start":{"line":249,"column":6},"end":{"line":249,"column":10}},{"start":{"line":249,"column":14},"end":{"line":249,"column":26}},{"start":{"line":249,"column":30},"end":{"line":249,"column":47}}]},"43":{"line":253,"type":"if","locations":[{"start":{"line":253,"column":2},"end":{"line":253,"column":2}},{"start":{"line":253,"column":2},"end":{"line":253,"column":2}}]},"44":{"line":253,"type":"binary-expr","locations":[{"start":{"line":253,"column":6},"end":{"line":253,"column":39}},{"start":{"line":253,"column":43},"end":{"line":253,"column":66}}]},"45":{"line":254,"type":"if","locations":[{"start":{"line":254,"column":3},"end":{"line":254,"column":3}},{"start":{"line":254,"column":3},"end":{"line":254,"column":3}}]},"46":{"line":263,"type":"binary-expr","locations":[{"start":{"line":263,"column":8},"end":{"line":263,"column":11}},{"start":{"line":263,"column":15},"end":{"line":263,"column":27}}]},"47":{"line":265,"type":"if","locations":[{"start":{"line":265,"column":2},"end":{"line":265,"column":2}},{"start":{"line":265,"column":2},"end":{"line":265,"column":2}}]},"48":{"line":265,"type":"binary-expr","locations":[{"start":{"line":265,"column":6},"end":{"line":265,"column":10}},{"start":{"line":265,"column":14},"end":{"line":265,"column":26}},{"start":{"line":265,"column":30},"end":{"line":265,"column":46}},{"start":{"line":265,"column":50},"end":{"line":265,"column":79}}]},"49":{"line":271,"type":"if","locations":[{"start":{"line":271,"column":2},"end":{"line":271,"column":2}},{"start":{"line":271,"column":2},"end":{"line":271,"column":2}}]},"50":{"line":272,"type":"if","locations":[{"start":{"line":272,"column":3},"end":{"line":272,"column":3}},{"start":{"line":272,"column":3},"end":{"line":272,"column":3}}]},"51":{"line":281,"type":"if","locations":[{"start":{"line":281,"column":2},"end":{"line":281,"column":2}},{"start":{"line":281,"column":2},"end":{"line":281,"column":2}}]},"52":{"line":285,"type":"if","locations":[{"start":{"line":285,"column":2},"end":{"line":285,"column":2}},{"start":{"line":285,"column":2},"end":{"line":285,"column":2}}]},"53":{"line":286,"type":"if","locations":[{"start":{"line":286,"column":3},"end":{"line":286,"column":3}},{"start":{"line":286,"column":3},"end":{"line":286,"column":3}}]},"54":{"line":295,"type":"binary-expr","locations":[{"start":{"line":295,"column":8},"end":{"line":295,"column":11}},{"start":{"line":295,"column":15},"end":{"line":295,"column":27}}]},"55":{"line":297,"type":"if","locations":[{"start":{"line":297,"column":2},"end":{"line":297,"column":2}},{"start":{"line":297,"column":2},"end":{"line":297,"column":2}}]},"56":{"line":297,"type":"binary-expr","locations":[{"start":{"line":297,"column":6},"end":{"line":297,"column":10}},{"start":{"line":297,"column":14},"end":{"line":297,"column":26}}]},"57":{"line":301,"type":"binary-expr","locations":[{"start":{"line":301,"column":15},"end":{"line":301,"column":45}},{"start":{"line":301,"column":49},"end":{"line":301,"column":51}}]},"58":{"line":306,"type":"binary-expr","locations":[{"start":{"line":306,"column":9},"end":{"line":306,"column":20}},{"start":{"line":306,"column":25},"end":{"line":306,"column":52}}]},"59":{"line":310,"type":"if","locations":[{"start":{"line":310,"column":3},"end":{"line":310,"column":3}},{"start":{"line":310,"column":3},"end":{"line":310,"column":3}}]},"60":{"line":312,"type":"if","locations":[{"start":{"line":312,"column":10},"end":{"line":312,"column":10}},{"start":{"line":312,"column":10},"end":{"line":312,"column":10}}]},"61":{"line":312,"type":"binary-expr","locations":[{"start":{"line":312,"column":14},"end":{"line":312,"column":30}},{"start":{"line":312,"column":34},"end":{"line":312,"column":56}}]},"62":{"line":317,"type":"binary-expr","locations":[{"start":{"line":317,"column":9},"end":{"line":317,"column":19}},{"start":{"line":317,"column":23},"end":{"line":317,"column":41}}]},"63":{"line":322,"type":"if","locations":[{"start":{"line":322,"column":2},"end":{"line":322,"column":2}},{"start":{"line":322,"column":2},"end":{"line":322,"column":2}}]},"64":{"line":322,"type":"binary-expr","locations":[{"start":{"line":322,"column":6},"end":{"line":322,"column":13}},{"start":{"line":322,"column":17},"end":{"line":322,"column":38}}]},"65":{"line":323,"type":"if","locations":[{"start":{"line":323,"column":3},"end":{"line":323,"column":3}},{"start":{"line":323,"column":3},"end":{"line":323,"column":3}}]},"66":{"line":333,"type":"if","locations":[{"start":{"line":333,"column":2},"end":{"line":333,"column":2}},{"start":{"line":333,"column":2},"end":{"line":333,"column":2}}]},"67":{"line":334,"type":"if","locations":[{"start":{"line":334,"column":3},"end":{"line":334,"column":3}},{"start":{"line":334,"column":3},"end":{"line":334,"column":3}}]},"68":{"line":335,"type":"cond-expr","locations":[{"start":{"line":335,"column":57},"end":{"line":335,"column":89}},{"start":{"line":335,"column":92},"end":{"line":335,"column":101}}]},"69":{"line":340,"type":"cond-expr","locations":[{"start":{"line":340,"column":62},"end":{"line":340,"column":94}},{"start":{"line":340,"column":97},"end":{"line":340,"column":106}}]},"70":{"line":347,"type":"if","locations":[{"start":{"line":347,"column":2},"end":{"line":347,"column":2}},{"start":{"line":347,"column":2},"end":{"line":347,"column":2}}]},"71":{"line":347,"type":"binary-expr","locations":[{"start":{"line":347,"column":6},"end":{"line":347,"column":19}},{"start":{"line":347,"column":23},"end":{"line":347,"column":45}}]},"72":{"line":357,"type":"if","locations":[{"start":{"line":357,"column":3},"end":{"line":357,"column":3}},{"start":{"line":357,"column":3},"end":{"line":357,"column":3}}]},"73":{"line":366,"type":"if","locations":[{"start":{"line":366,"column":4},"end":{"line":366,"column":4}},{"start":{"line":366,"column":4},"end":{"line":366,"column":4}}]},"74":{"line":379,"type":"if","locations":[{"start":{"line":379,"column":4},"end":{"line":379,"column":4}},{"start":{"line":379,"column":4},"end":{"line":379,"column":4}}]},"75":{"line":398,"type":"if","locations":[{"start":{"line":398,"column":3},"end":{"line":398,"column":3}},{"start":{"line":398,"column":3},"end":{"line":398,"column":3}}]},"76":{"line":407,"type":"if","locations":[{"start":{"line":407,"column":2},"end":{"line":407,"column":2}},{"start":{"line":407,"column":2},"end":{"line":407,"column":2}}]},"77":{"line":418,"type":"if","locations":[{"start":{"line":418,"column":3},"end":{"line":418,"column":3}},{"start":{"line":418,"column":3},"end":{"line":418,"column":3}}]},"78":{"line":437,"type":"if","locations":[{"start":{"line":437,"column":3},"end":{"line":437,"column":3}},{"start":{"line":437,"column":3},"end":{"line":437,"column":3}}]},"79":{"line":457,"type":"if","locations":[{"start":{"line":457,"column":2},"end":{"line":457,"column":2}},{"start":{"line":457,"column":2},"end":{"line":457,"column":2}}]},"80":{"line":461,"type":"if","locations":[{"start":{"line":461,"column":3},"end":{"line":461,"column":3}},{"start":{"line":461,"column":3},"end":{"line":461,"column":3}}]},"81":{"line":463,"type":"if","locations":[{"start":{"line":463,"column":4},"end":{"line":463,"column":4}},{"start":{"line":463,"column":4},"end":{"line":463,"column":4}}]}},"code":["/**"," * @author  John Resig <jeresig@gmail.com>"," * @author  Originally by Marcus Spiegel <marcus.spiegel@gmail.com>"," * @link    https://github.com/jeresig/i18n-node"," * @license http://opensource.org/licenses/MIT"," *"," * @version 0.4.7"," */","","// dependencies","var vsprintf = require(\"sprintf\").vsprintf,","\t\tfs = require(\"fs\"),","\t\tpath = require(\"path\");","","","function dotNotation (obj, is, value) {","\tif (obj.hasOwnProperty(is)) {","\t\treturn obj[is];","\t}","","\tif (typeof is === 'string') {","\t\treturn dotNotation(obj, is.split('.'), value);","\t} else if (is.length === 1 && value !== undefined) {","\t\treturn obj[is[0]] = value;","\t} else if (is.length === 0) {","\t\treturn obj;","\t} else {","\t\tif (obj.hasOwnProperty(is[0])) {","\t\t\treturn dotNotation(obj[is[0]], is.slice(1), value);","\t\t} else {","\t\t\treturn obj[is.join('.')] = is.join('.');","\t\t}","\t}","}","","var i18n = module.exports = function (opt) {","\tvar self = this;","","\t// Put into dev or production mode","\tthis.devMode = process.env.NODE_ENV !== \"production\";","","\t// Copy over options","\tfor (var prop in opt) {","\t\tthis[prop] = opt[prop];","\t}","","\t// you may register helpers in global scope, up to you","\tif (typeof this.register === \"object\") {","\t\ti18n.resMethods.forEach(function (method) {","\t\t\tself.register[method] = self[method].bind(self);","\t\t});","\t}","","\t// implicitly read all locales","\t// if it's an array of locale names, read in the data","\tif (opt.locales && opt.locales.forEach) {","\t\tthis.locales = {};","","\t\topt.locales.forEach(function (locale) {","\t\t\tself.readFile(locale);","\t\t});","","\t\tthis.defaultLocale = opt.locales[0];","\t}","","\t// Set the locale to the default locale","\tthis.setLocale(this.defaultLocale);","","\t// Check the defaultLocale","\tif (!this.locales[this.defaultLocale]) {","\t\tconsole.error(\"Not a valid default locale.\");","\t}","","\tif (this.request) {","\t\tif (this.subdomain) {","\t\t\tthis.setLocaleFromSubdomain(this.request);","\t\t}","","\t\tif (this.query !== false) {","\t\t\tthis.setLocaleFromQuery(this.request);","\t\t}","","\t\tif (this.session !== false) {","\t\t\tthis.setLocaleFromSessionVar(this.request);","\t\t}","","\t\tthis.prefLocale = this.preferredLocale();","","\t\tif (this.prefLocale !== false && this.prefLocale !== this.locale) {","\t\t\tthis.setLocale(this.prefLocale);","\t\t}","\t}","};","","i18n.version = \"0.4.7\";","","i18n.localeCache = {};","i18n.resMethods = [\"__\", \"__n\", \"getLocale\", \"isPreferredLocale\"];","","i18n.expressBind = function (app, opt) {","\tif (!app) {","\t\treturn;","\t}","","\tapp.use(function (req, res, next) {","\t\topt.request = req;","\t\treq.i18n = new i18n(opt);","","\t\t// Express 3","\t\tif (res.locals) {","\t\t\ti18n.registerMethods(res.locals, req)","\t\t}","","\t\tnext();","\t});","","\t// Express 2","\tif (app.dynamicHelpers) {","\t\tapp.dynamicHelpers(i18n.registerMethods({}));","\t}","};","","i18n.registerMethods = function (helpers, req) {","\ti18n.resMethods.forEach(function (method) {","\t\tif (req) {","\t\t\thelpers[method] = req.i18n[method].bind(req.i18n);","\t\t} else {","\t\t\thelpers[method] = function (req) {","\t\t\t\treturn req.i18n[method].bind(req.i18n);","\t\t\t};","\t\t}","","\t});","","\treturn helpers;","};","","i18n.prototype = {","\tdefaultLocale: \"en\",","\textension: \".js\",","\tdirectory: \"./locales\",","\tcookieName: \"lang\",","\tsessionVarName: \"locale\",","\tindent: \"\\t\",","","\tparse: JSON.parse,","","\tdump: function (data, indent) {","\t  return JSON.stringify(data, null, indent);","\t},","","\t__: function () {","\t\tvar msg = this.translate(this.locale, arguments[0]);","","\t\tif (arguments.length > 1) {","\t\t\tmsg = vsprintf(msg, Array.prototype.slice.call(arguments, 1));","\t\t}","","\t\treturn msg;","\t},","","\t__n: function (pathOrSingular, countOrPlural, additionalOrCount) {","\t\tvar msg;","\t\tif (typeof countOrPlural === 'number') {","\t\t\tvar path = pathOrSingular;","\t\t\tvar count = countOrPlural;","\t\t\tmsg = this.translate(this.locale, path);","","\t\t\tmsg = vsprintf(parseInt(count, 10) > 1 ? msg.other : msg.one, Array.prototype.slice.call(arguments, 1));","\t\t} else {","\t\t\tvar singular = pathOrSingular;","\t\t\tvar plural = countOrPlural;","\t\t\tvar count = additionalOrCount;","\t\t\tmsg = this.translate(this.locale, singular, plural);","","\t\t\tmsg = vsprintf(parseInt(count, 10) > 1 ? msg.other : msg.one, [count]);","","\t\t\tif (arguments.length > 3) {","\t\t\t\tmsg = vsprintf(msg, Array.prototype.slice.call(arguments, 3));","\t\t\t}","\t\t}","","\t\treturn msg;","\t},","","\tsetLocale: function (locale) {","","\t\tif (!locale) return;","","\t\tif (!this.locales[locale]) {","\t\t\tif (this.devMode) {","\t\t\t\tconsole.warn(\"Locale (\" + locale + \") not found.\");","\t\t\t}","","\t\t\tlocale = this.defaultLocale;","\t\t}","","\t\treturn (this.locale = locale);","\t},","","\tgetLocale: function () {","\t\treturn this.locale;","\t},","","\tisPreferredLocale: function () {","\t\treturn !this.prefLocale ||","\t\t\t\tthis.prefLocale === this.getLocale();","\t},","","\tsetLocaleFromSessionVar: function (req) {","\t\treq = req || this.request;","","\t\tif (!req || !req.session || !req.session[this.sessionVarName]) {\t\t","\t\t\treturn;","\t\t}","","\t\tvar locale = req.session[this.sessionVarName];","","\t\tif (this.locales[locale]) {","\t\t\tif (this.devMode) {","\t\t\t\tconsole.log(\"Overriding locale from query: \" + locale);","\t\t\t}","\t\t\tthis.setLocale(locale);","\t\t}","","\t},","","\tsetLocaleFromQuery: function (req) {","\t\treq = req || this.request;","","\t\tif (!req || !req.query || !req.query.lang) {","\t\t\treturn;","\t\t}","","\t\tvar locale = (req.query.lang+'').toLowerCase();","","\t\tif (this.locales[locale]) {","\t\t\tif (this.devMode) {","\t\t\t\tconsole.log(\"Overriding locale from query: \" + locale);","\t\t\t}","","\t\t\tthis.setLocale(locale);","\t\t}","\t},","","\tsetLocaleFromSubdomain: function (req) {","\t\treq = req || this.request;","","\t\tif (!req || !req.headers || !req.headers.host) {","\t\t\treturn;","\t\t}","","\t\tif (/^([^.]+)/.test(req.headers.host) && this.locales[RegExp.$1]) {","\t\t\tif (this.devMode) {","\t\t\t\tconsole.log(\"Overriding locale from host: \" + RegExp.$1);","\t\t\t}","","\t\t\tthis.setLocale(RegExp.$1);","\t\t}","\t},","","\tsetLocaleFromCookie: function (req) {","\t\treq = req || this.request;","","\t\tif (!req || !req.cookies || !this.cookieName || !req.cookies[this.cookieName]) {","\t\t\treturn;","\t\t}","","\t\tvar locale = req.cookies[this.cookieName].toLowerCase();","","\t\tif (this.locales[locale]) {","\t\t\tif (this.devMode) {","\t\t\t\tconsole.log(\"Overriding locale from cookie: \" + locale);","\t\t\t}","","\t\t\tthis.setLocale(locale);","\t\t}","\t},","","\tsetLocaleFromEnvironmentVariable: function () {","\t\tif (!process.env.LANG) {","\t\t\treturn;","\t\t}","\t\tvar locale = process.env.LANG.split(\"_\")[0];","\t\tif (this.locales[locale]) {","\t\t\tif (this.devMode) {","\t\t\t\tconsole.log(\"Overriding locale from environment variable: \" + locale);","\t\t\t}","","\t\t\tthis.setLocale(locale);","\t\t}","\t},","","\tpreferredLocale: function (req) {","\t\treq = req || this.request;","","\t\tif (!req || !req.headers) {","\t\t\treturn;","\t\t}","","\t\tvar accept = req.headers[\"accept-language\"] || \"\",","\t\t\t\tregExp = /(^|,\\s*)([a-z0-9-]+)/gi,","\t\t\t\tself = this,","\t\t\t\tprefLocale;","","\t\twhile (!prefLocale && (match = regExp.exec(accept))) {","\t\t\tvar locale = match[2].toLowerCase();","\t\t\tvar parts = locale.split(\"-\");","","\t\t\tif (self.locales[locale]) {","\t\t\t\tprefLocale = locale;","\t\t\t} else if (parts.length > 1 && self.locales[parts[0]]) {","\t\t\t\tprefLocale = parts[0];","\t\t\t}","\t\t}","","\t\treturn prefLocale || this.defaultLocale;","\t},","","\t// read locale file, translate a msg and write to fs if new","\ttranslate: function (locale, singular, plural) {","\t\tif (!locale || !this.locales[locale]) {","\t\t\tif (this.devMode) {","\t\t\t\tconsole.warn(\"WARN: No locale found. Using the default (\" +","\t\t\t\t\t\tthis.defaultLocale + \") as current locale\");","\t\t\t}","","\t\t\tlocale = this.defaultLocale;","","\t\t\tthis.initLocale(locale, {});","\t\t}","","\t\tif (!this.locales[locale][singular]) {","\t\t\tif (this.devMode) {","\t\t\t\tdotNotation(this.locales[locale], singular, plural ? { one: singular, other: plural } : undefined);","\t\t\t\tthis.writeFile(locale);","\t\t\t}","\t\t}","","\t\treturn dotNotation(this.locales[locale], singular, plural ? { one: singular, other: plural } : undefined);","\t},","","\t// try reading a file","\treadFile: function (locale) {","\t\tvar file = this.locateFile(locale);","","\t\tif (!this.devMode && i18n.localeCache[file]) {","\t\t\tthis.initLocale(locale, i18n.localeCache[file]);","\t\t\treturn;","\t\t}","","\t\ttry {","\t\t\tvar localeFile = fs.readFileSync(file);","\t\t\tvar base;","","\t\t\t// reading base file if 'base' provided","\t\t\tif (typeof this.base === \"function\") {","\t\t\t\tvar baseFilename;","","\t\t\t\ttry {","\t\t\t\t\tbaseFilename = this.base(locale);","\t\t\t\t} catch (e) {","\t\t\t\t\tconsole.error('base function threw exception for locale %s', locale, e);","\t\t\t\t}","","\t\t\t\tif (typeof baseFilename === \"string\") {","\t\t\t\t\ttry {","\t\t\t\t\t\tbase = this.parse(fs.readFileSync(this.locateFile(baseFilename)));","\t\t\t\t\t} catch (e) {","\t\t\t\t\t\tconsole.error('unable to read or parse base file %s for locale %s', baseFilename, locale, e);","\t\t\t\t\t}","\t\t\t\t}","\t\t\t}","","\t\t\ttry {","\t\t\t\t// parsing file content","\t\t\t\tvar content = this.parse(localeFile);","","\t\t\t\tif (base) {","\t\t\t\t\t// writing content to the base and swapping","\t\t\t\t\tfor (var prop in content) {","\t\t\t\t\t\tbase[prop] = content[prop];","\t\t\t\t\t}","\t\t\t\t\tcontent = base;","\t\t\t\t}","","\t\t\t\t// putting content to locales[locale]","\t\t\t\tthis.initLocale(locale, content);","\t\t\t} catch (e) {","\t\t\t\tconsole.error('unable to parse locales from file (maybe ' + file +","\t\t\t\t\t\t' is empty or invalid ' + this.extension + '?): ', e);","\t\t\t}","","\t\t} catch (e) {","\t\t\t// unable to read, so intialize that file","\t\t\t// locales[locale] are already set in memory, so no extra read required","\t\t\t// or locales[locale] are empty, which initializes an empty locale.json file","\t\t\tif (!fs.existsSync(file)) {","\t\t\t\tthis.writeFile(locale);","\t\t\t}","\t\t}","\t},","","\t// try writing a file in a created directory","\twriteFile: function (locale) {","\t\t// don't write new locale information to disk if we're not in dev mode","\t\tif (!this.devMode) {","\t\t\t// Initialize the locale if didn't exist already","\t\t\tthis.initLocale(locale, {});","\t\t\treturn;","\t\t}","","\t\t// creating directory if necessary","\t\ttry {","\t\t\tfs.lstatSync(this.directory);","","\t\t} catch (e) {","\t\t\tif (this.devMode) {","\t\t\t\tconsole.log('creating locales dir in: ' + this.directory);","\t\t\t}","","\t\t\tfs.mkdirSync(this.directory, 0755);","\t\t}","","\t\t// Initialize the locale if didn't exist already","\t\tthis.initLocale(locale, {});","","\t\t// writing to tmp and rename on success","\t\ttry {","\t\t\tvar target = this.locateFile(locale),","\t\t\t\t\ttmp = target + \".tmp\";","","\t\t\tfs.writeFileSync(tmp,","\t\t\t\t\t\t\t this.dump(this.locales[locale], this.indent),","\t\t\t\t\t\t\t \"utf8\");","","\t\t\tif (fs.statSync(tmp).isFile()) {","\t\t\t\tfs.renameSync(tmp, target);","","\t\t\t} else {","\t\t\t\tconsole.error('unable to write locales to file (either ' + tmp +","\t\t\t\t\t\t' or ' + target + ' are not writeable?): ');","\t\t\t}","","\t\t} catch (e) {","\t\t\tconsole.error('unexpected error writing files (either ' + tmp +","\t\t\t\t\t' or ' + target + ' are not writeable?): ', e);","\t\t}","\t},","","\t// basic normalization of filepath","\tlocateFile: function (locale) {","\t\treturn path.normalize(this.directory + '/' + locale + this.extension);","\t},","","\tinitLocale: function (locale, data) {","\t\tif (!this.locales[locale]) {","\t\t\tthis.locales[locale] = data;","","\t\t\t// Only cache the files when we're not in dev mode","\t\t\tif (!this.devMode) {","\t\t\t\tvar file = this.locateFile(locale);","\t\t\t\tif (!i18n.localeCache[file]) {","\t\t\t\t\ti18n.localeCache[file] = data;","\t\t\t\t}","\t\t\t}","\t\t}","\t}","};",""],"l":{"11":1,"16":1,"17":0,"18":0,"21":0,"22":0,"23":0,"24":0,"25":0,"26":0,"28":0,"29":0,"31":0,"36":1,"37":0,"40":0,"43":0,"44":0,"48":0,"49":0,"50":0,"56":0,"57":0,"59":0,"60":0,"63":0,"67":0,"70":0,"71":0,"74":0,"75":0,"76":0,"79":0,"80":0,"83":0,"84":0,"87":0,"89":0,"90":0,"95":1,"97":1,"98":1,"100":1,"101":0,"102":0,"105":0,"106":0,"107":0,"110":0,"111":0,"114":0,"118":0,"119":0,"123":1,"124":0,"125":0,"126":0,"128":0,"129":0,"135":0,"138":1,"149":0,"153":0,"155":0,"156":0,"159":0,"163":0,"164":0,"165":0,"166":0,"167":0,"169":0,"171":0,"172":0,"173":0,"174":0,"176":0,"178":0,"179":0,"183":0,"188":0,"190":0,"191":0,"192":0,"195":0,"198":0,"202":0,"206":0,"211":0,"213":0,"214":0,"217":0,"219":0,"220":0,"221":0,"223":0,"229":0,"231":0,"232":0,"235":0,"237":0,"238":0,"239":0,"242":0,"247":0,"249":0,"250":0,"253":0,"254":0,"255":0,"258":0,"263":0,"265":0,"266":0,"269":0,"271":0,"272":0,"273":0,"276":0,"281":0,"282":0,"284":0,"285":0,"286":0,"287":0,"290":0,"295":0,"297":0,"298":0,"301":0,"306":0,"307":0,"308":0,"310":0,"311":0,"312":0,"313":0,"317":0,"322":0,"323":0,"324":0,"328":0,"330":0,"333":0,"334":0,"335":0,"336":0,"340":0,"345":0,"347":0,"348":0,"349":0,"352":0,"353":0,"354":0,"357":0,"358":0,"360":0,"361":0,"363":0,"366":0,"367":0,"368":0,"370":0,"375":0,"377":0,"379":0,"381":0,"382":0,"384":0,"388":0,"390":0,"398":0,"399":0,"407":0,"409":0,"410":0,"414":0,"415":0,"418":0,"419":0,"422":0,"426":0,"429":0,"430":0,"433":0,"437":0,"438":0,"441":0,"446":0,"453":0,"457":0,"458":0,"461":0,"462":0,"463":0,"464":0}}}